============================= test session starts ==============================
platform linux -- Python 3.10.14, pytest-9.0.2, pluggy-1.6.0
rootdir: /home/ai8111/mosdef/MoSDeF-GOMC
collected 156 items

mosdef_gomc/tests/test_gmso_charmm_writer.py ........................... [ 17%]
........................................................................ [ 63%]
........................................................F                [100%]

=================================== FAILURES ===================================
___ TestCharmmWriterData.test_save_charmm_use_template_ff_multiple_molecules ___

self = <mosdef_gomc.tests.test_gmso_charmm_writer.TestCharmmWriterData object at 0x7fb79c7ca440>
ethane_gomc = <ETH 8 particles, 7 bonds, non-periodic, id: 140426404757120>
water = <WAT 3 particles, 2 bonds, non-periodic, id: 140426409944320>

    def test_save_charmm_use_template_ff_multiple_molecules(self, ethane_gomc, water):
        box_0 = mb.fill_box(
            compound=[ethane_gomc, water], n_compounds=[2, 2], box=[4, 4, 4]
        )
    
>       charmm = Charmm(
            box_0,
            "charmm_template_ff_multiple",
            ff_filename="charmm_template_ff_multiple",
            residues=[ethane_gomc.name, water.name],
            forcefield_selection={
                ethane_gomc.name: "oplsaa",
                water.name: get_mosdef_gomc_fn(
                    "spce_coul_14_half__LJ_14_zero.xml"
                ),
            },
            atom_type_naming_style="general",
            use_template_ff=True,
        )

/home/ai8111/mosdef/MoSDeF-GOMC/mosdef_gomc/tests/test_gmso_charmm_writer.py:11176: 
_ _ _ _ _ _ _ _ _ _ _ _ _ _ _ _ _ _ _ _ _ _ _ _ _ _ _ _ _ _ _ _ _ _ _ _ _ _ _ _ 

self = <mosdef_gomc.formats.gmso_charmm_writer.Charmm object at 0x7fb78cf6d390>
structure_box_0 = <Compound 22 particles, 18 bonds, System box: Box: Lx=4.000000, Ly=4.000000, Lz=4.000000, xy=0.000000, xz=0.000000, yz=0.000000, , id: 140426320314320>
filename_box_0 = 'charmm_template_ff_multiple', structure_box_1 = None
filename_box_1 = None
forcefield_selection = {'ETH': 'oplsaa', 'WAT': '/home/ai8111/mosdef/MoSDeF-GOMC/mosdef_gomc/utils/files/spce_coul_14_half__LJ_14_zero.xml'}
residues = ['ETH', 'WAT'], gomc_fix_bonds_angles = None, gomc_fix_bonds = None
gomc_fix_angles = None, bead_to_atom_name_dict = None
atom_type_naming_style = 'general', fix_residue = None
fix_residue_in_box = None, set_residue_pdb_occupancy_to_1 = None
ff_filename = 'charmm_template_ff_multiple', gmso_match_ff_by = 'molecule'
use_template_ff = True

    def __init__(
        self,
        structure_box_0,
        filename_box_0,
        structure_box_1=None,
        filename_box_1=None,
        forcefield_selection=None,
        residues=None,
        gomc_fix_bonds_angles=None,
        gomc_fix_bonds=None,
        gomc_fix_angles=None,
        bead_to_atom_name_dict=None,
        atom_type_naming_style="all_unique",
        fix_residue=None,
        fix_residue_in_box=None,
        set_residue_pdb_occupancy_to_1=None,
        ff_filename=None,
        gmso_match_ff_by="molecule",
        use_template_ff=False,
    ):
        # set all input variables to the class
        self.structure_box_0 = structure_box_0
        self.filename_box_0 = filename_box_0
        self.structure_box_1 = structure_box_1
        self.filename_box_1 = filename_box_1
        self.forcefield_selection = forcefield_selection
        self.residues = residues
        self.gomc_fix_bonds_angles = gomc_fix_bonds_angles
        self.gomc_fix_bonds = gomc_fix_bonds
        self.gomc_fix_angles = gomc_fix_angles
        self.bead_to_atom_name_dict = bead_to_atom_name_dict
        self.fix_residue = fix_residue
        self.fix_residue_in_box = fix_residue_in_box
        self.set_residue_pdb_occupancy_to_1 = set_residue_pdb_occupancy_to_1
        self.ff_filename = ff_filename
        self.use_template_ff = use_template_ff
        self.combining_rule = None
    
        # value to check for errors, with  self.input_error = True or False. Set to False initally
        self.input_error = False
    
        if not isinstance(self.structure_box_0, (Compound, Box)):
            self.input_error = True
            print_error_message = (
                "ERROR: The structure_box_0 expected to be of type: "
                "{} or {}, received: {}".format(
                    type(Compound()),
                    type(Box(lengths=[1, 1, 1])),
                    type(structure_box_0),
                )
            )
            raise TypeError(print_error_message)
    
        if self.structure_box_1 is not None and not isinstance(
            self.structure_box_1, (Compound, Box)
        ):
            self.input_error = True
            print_error_message = (
                "ERROR: The structure_box_1 expected to be of type: "
                "{} or {}, received: {}".format(
                    type(Compound()),
                    type(Box(lengths=[1, 1, 1])),
                    type(structure_box_1),
                )
            )
            raise TypeError(print_error_message)
    
        if isinstance(self.structure_box_0, Box) and isinstance(
            self.structure_box_1, Box
        ):
            self.input_error = True
            print_error_message = (
                "ERROR: Both structure_box_0 and structure_box_0 are empty Boxes {}. "
                "At least 1 structure must be an mbuild compound {} with 1 "
                "or more atoms in it".format(
                    type(Box(lengths=[1, 1, 1])), type(Compound())
                )
            )
            raise TypeError(print_error_message)
    
        if self.structure_box_1 is None and not isinstance(
            self.structure_box_0, Compound
        ):
            self.input_error = True
            print_error_message = (
                "ERROR: Only 1 structure is provided and it can not be an empty mbuild Box {}. "
                "it must be an mbuild compound {} with at least 1 "
                "or more atoms in it.".format(
                    type(Box(lengths=[1, 1, 1])), type(Compound())
                )
            )
            raise TypeError(print_error_message)
    
        if not isinstance(self.residues, list):
            self.input_error = True
            print_error_message = "ERROR: Please enter the residues list (residues) in a list format."
            raise TypeError(print_error_message)
    
        if isinstance(self.residues, list):
            for each_residue in self.residues:
                if not isinstance(each_residue, str):
                    self.input_error = True
                    print_error_message = "ERROR: Please enter a residues list (residues) with only string values."
                    raise TypeError(print_error_message)
    
        if self.residues is None:
            self.input_error = True
            print_error_message = (
                "ERROR: Please enter the residues list (residues)"
            )
            raise TypeError(print_error_message)
        if not isinstance(self.filename_box_0, str):
            self.input_error = True
            print_error_message = (
                "ERROR: Please enter the filename_box_0 as a string."
            )
            raise TypeError(print_error_message)
    
        unique_residue_test_name_list = []
        for res_m in range(0, len(self.residues)):
            if self.residues[res_m] not in unique_residue_test_name_list:
                unique_residue_test_name_list.append(self.residues[res_m])
        if len(unique_residue_test_name_list) != len(self.residues):
            self.input_error = True
            print_error_message = "ERROR: Please enter the residues list (residues) that has only unique residue names."
            raise ValueError(print_error_message)
    
        if self.filename_box_1 is not None and not isinstance(
            self.filename_box_1, str
        ):
            self.input_error = True
            print_error_message = (
                "ERROR: Please enter the filename_box_1 as a string."
            )
            raise TypeError(print_error_message)
    
        if self.ff_filename is not None:
            if not isinstance(self.ff_filename, str):
                self.input_error = True
                print_error_message = "ERROR: Please enter GOMC force field name (ff_filename) as a string."
                raise TypeError(print_error_message)
            if isinstance(self.ff_filename, str):
                extension_ff_name = os.path.splitext(self.ff_filename)[-1]
                if extension_ff_name == "":
                    self.ff_filename = self.ff_filename + ".inp"
                elif extension_ff_name == ".inp":
                    self.ff_filename = self.ff_filename + ""
                elif extension_ff_name != ".inp":
                    self.input_error = True
                    print_error_message = (
                        "ERROR: Please enter GOMC force field name without an "
                        "extention or the .inp extension."
                    )
                    raise ValueError(print_error_message)
    
        if self.forcefield_selection is not None:
            print(
                "write_gomcdata: forcefield_selection = "
                + str(self.forcefield_selection)
                + ", "
                + "residues = "
                + str(self.residues)
            )
            if not isinstance(self.forcefield_selection, (dict, str)):
                self.input_error = True
                print_error_message = (
                    "ERROR: The force field selection (forcefield_selection) "
                    "is not a string or a dictionary with all the residues specified "
                    'to a force field. -> String Ex: "path/trappe-ua.xml" or Ex: "trappe-ua" '
                    "Otherise provided a dictionary with all the residues specified "
                    "to a force field "
                    '->Dictionary Ex: {"Water": "oplsaa", "OCT": "path/trappe-ua.xml"}, '
                    "Note: the file path must be specified the force field file if "
                    "a standard foyer force field is not used."
                )
                raise TypeError(print_error_message)
    
            if isinstance(self.forcefield_selection, str):
                ff_name = self.forcefield_selection
                self.forcefield_selection = {}
                for i in range(0, len(self.residues)):
                    self.forcefield_selection.update(
                        {self.residues[i]: ff_name}
                    )
                print(f"FF forcefield_selection = {self.forcefield_selection}")
    
        elif self.forcefield_selection is None:
            self.input_error = True
            print_error_message = "ERROR: Please enter the forcefield_selection as it was not provided."
            raise TypeError(print_error_message)
    
        if self.residues is not None and not isinstance(self.residues, list):
            self.input_error = True
            print_error_message = (
                "ERROR:  Please enter the residues (residues) in a list format"
            )
            raise TypeError(print_error_message)
    
        _check_fixed_bonds_angles_lists(
            self.gomc_fix_bonds_angles, "gomc_fix_bonds_angles", self.residues
        )
        _check_fixed_bonds_angles_lists(
            self.gomc_fix_bonds, "gomc_fix_bonds", self.residues
        )
        _check_fixed_bonds_angles_lists(
            self.gomc_fix_angles, "gomc_fix_angles", self.residues
        )
    
        if self.fix_residue is not None and not isinstance(
            self.fix_residue, list
        ):
            self.input_error = True
            print_error_message = (
                "ERROR: Please enter the fix_residue in a list format"
            )
            raise TypeError(print_error_message)
    
        if isinstance(self.fix_residue, list):
            for fix_residue_q in self.fix_residue:
                if fix_residue_q not in self.residues:
                    self.input_error = True
                    print_error_message = (
                        "Error: Please ensure that all the residue names in the fix_residue "
                        "list are also in the residues list."
                    )
                    raise ValueError(print_error_message)
    
        if self.fix_residue_in_box is not None and not isinstance(
            self.fix_residue_in_box, list
        ):
            self.input_error = True
            print_error_message = (
                "ERROR: Please enter the fix_residue_in_box in a list format."
            )
            raise TypeError(print_error_message)
    
        if isinstance(self.fix_residue_in_box, list):
            for fix_residue_in_box_q in self.fix_residue_in_box:
                if fix_residue_in_box_q not in self.residues:
                    self.input_error = True
                    print_error_message = (
                        "Error: Please ensure that all the residue names in the "
                        "fix_residue_in_box list are also in the residues list."
                    )
                    raise ValueError(print_error_message)
    
        if self.set_residue_pdb_occupancy_to_1 is not None and not isinstance(
            self.set_residue_pdb_occupancy_to_1, list
        ):
            self.input_error = True
            print_error_message = "ERROR: Please enter the set_residue_pdb_occupancy_to_1 in a list format."
            raise TypeError(print_error_message)
    
        if isinstance(self.set_residue_pdb_occupancy_to_1, list):
            for (
                set_residue_pdb_occupancy_to_1_q
            ) in self.set_residue_pdb_occupancy_to_1:
                if set_residue_pdb_occupancy_to_1_q not in self.residues:
                    self.input_error = True
                    print_error_message = (
                        "Error: Please ensure that all the residue names in the "
                        "set_residue_pdb_occupancy_to_1 list are also in the residues list."
                    )
                    raise ValueError(print_error_message)
    
        if self.bead_to_atom_name_dict is not None and not isinstance(
            self.bead_to_atom_name_dict, dict
        ):
            self.input_error = True
            print_error_message = (
                "ERROR: Please enter the a bead type to atom in the dictionary "
                "(bead_to_atom_name_dict) so GOMC can properly evaluate the unique atom names"
            )
            raise TypeError(print_error_message)
    
        if isinstance(self.bead_to_atom_name_dict, dict):
            dict_list = []
            for key in self.bead_to_atom_name_dict.keys():
                dict_list.append(key)
    
            for dict_lis_i in dict_list:
                if not isinstance(dict_lis_i, str) or not isinstance(
                    self.bead_to_atom_name_dict[dict_lis_i], str
                ):
                    print_error_message = "ERROR: Please enter the bead_to_atom_name_dict with only string inputs."
                    raise TypeError(print_error_message)
    
        print("******************************")
        print("")
    
        if not isinstance(
            atom_type_naming_style, str
        ) or atom_type_naming_style not in ["general", "all_unique"]:
            self.input_error = True
            print_error_message = (
                "ERROR: Please enter the atom_type_naming_style "
                "as a string, either 'general' or 'all_unique'."
            )
            raise TypeError(print_error_message)
    
        if not isinstance(gmso_match_ff_by, str) or gmso_match_ff_by not in [
            "molecule",
            "group",
        ]:
            self.input_error = True
            print_error_message = (
                "ERROR: Please enter the gmso_match_ff_by "
                "as a string, either 'molecule', 'group'."
            )
            raise TypeError(print_error_message)
    
        if self.structure_box_1:
            self.boxes_for_simulation = 2
        else:
            self.boxes_for_simulation = 1
    
        # Initialize is_tabulated flag for TABULATED potentials
        self.is_tabulated = False
    
        # Initialize ParaType flags for different force field formats
        self.ParaTypeCHARMM = False
        self.ParaTypeMie = False
        self.ParaTypeMARTINI = False
    
        # write the Force fields
        self.combined_1_4_nonbonded_dict_per_residue = {}
        self.combined_1_4_electrostatic_dict_per_residue = {}
    
        self.atom_types_dict_per_residue = {}
        self.bond_types_dict_per_residue = {}
        self.angle_types_dict_per_residue = {}
        self.dihedral_types_dict_per_residue = {}
        self.improper_types_dict_per_residue = {}
    
        if self.structure_box_1:
            print(
                "GOMC FF writing each residues FF as a group for structure_box_0"
            )
            [
                self.topology_box_0_ff,
                self.residues_applied_list_box_0,
                self.electrostatics14Scale_dict_box_0,
                self.nonBonded14Scale_dict_box_0,
                self.atom_types_dict_box_0,
                self.bond_types_dict_box_0,
                self.angle_types_dict_box_0,
                self.dihedral_types_dict_box_0,
                self.improper_types_dict_box_0,
                self.combining_rule_dict_box_0,
            ] = specific_ff_to_residue(
                self.structure_box_0,
                forcefield_selection=self.forcefield_selection,
                gmso_match_ff_by=gmso_match_ff_by,
                residues=self.residues,
                boxes_for_simulation=self.boxes_for_simulation,
                use_template_ff=self.use_template_ff,
            )
    
            if self.use_template_ff:
                self.topology_box_0_ff = TemplateTopologyProxy(self.topology_box_0_ff, self.topology_box_0_ff.__dict__["sequence_"])
    
            print(
                "GOMC FF writing each residues FF as a group for  structure_box_1"
            )
            [
                self.topology_box_1_ff,
                self.residues_applied_list_box_1,
                self.electrostatics14Scale_dict_box_1,
                self.nonBonded14Scale_dict_box_1,
                self.atom_types_dict_box_1,
                self.bond_types_dict_box_1,
                self.angle_types_dict_box_1,
                self.dihedral_types_dict_box_1,
                self.improper_types_dict_box_1,
                self.combining_rule_dict_box_1,
            ] = specific_ff_to_residue(
                self.structure_box_1,
                forcefield_selection=self.forcefield_selection,
                gmso_match_ff_by=gmso_match_ff_by,
                residues=self.residues,
                boxes_for_simulation=self.boxes_for_simulation,
                use_template_ff=self.use_template_ff,
            )
    
            if self.use_template_ff:
                self.topology_box_1_ff = TemplateTopologyProxy(self.topology_box_1_ff, self.topology_box_1_ff.__dict__["sequence_"])
    
            # combine the topologies of box 0 and 1
            if self.use_template_ff:
                self.topology_box_0_and_1_ff = combine_proxies(self.topology_box_0_ff, self.topology_box_1_ff)
            else:
                self.topology_box_0_and_1_ff = gmso.Topology()
                # iterate thru sites to combine the topologies of box 0 and 1
                for site_i in self.topology_box_0_ff.sites:
                    self.topology_box_0_and_1_ff.add_site(site_i)
                for site_i in self.topology_box_1_ff.sites:
                    self.topology_box_0_and_1_ff.add_site(site_i)
            # iterate thru connections (bonds, angles, dihedrals, and impropers) and add to empty topology
            # to combine the topologyies of box 0 and 1
            for connection_i in self.topology_box_0_ff.connections:
                self.topology_box_0_and_1_ff.add_connection(connection_i)
            for connection_i in self.topology_box_1_ff.connections:
                self.topology_box_0_and_1_ff.add_connection(connection_i)
    
            # create/add to alot of the dictionaries
            self.atom_types_dict_per_residue.update(self.atom_types_dict_box_0)
            self.atom_types_dict_per_residue.update(self.atom_types_dict_box_1)
            self.bond_types_dict_per_residue.update(self.bond_types_dict_box_0)
            self.bond_types_dict_per_residue.update(self.bond_types_dict_box_1)
            self.angle_types_dict_per_residue.update(
                self.angle_types_dict_box_0
            )
            self.angle_types_dict_per_residue.update(
                self.angle_types_dict_box_1
            )
            self.dihedral_types_dict_per_residue.update(
                self.dihedral_types_dict_box_0
            )
            self.dihedral_types_dict_per_residue.update(
                self.dihedral_types_dict_box_1
            )
            self.improper_types_dict_per_residue.update(
                self.improper_types_dict_box_0
            )
            self.improper_types_dict_per_residue.update(
                self.improper_types_dict_box_1
            )
            self.combined_1_4_nonbonded_dict_per_residue.update(
                self.nonBonded14Scale_dict_box_0
            )
            self.combined_1_4_nonbonded_dict_per_residue.update(
                self.nonBonded14Scale_dict_box_1
            )
            self.combined_1_4_electrostatic_dict_per_residue.update(
                self.electrostatics14Scale_dict_box_0
            )
            self.combined_1_4_electrostatic_dict_per_residue.update(
                self.electrostatics14Scale_dict_box_1
            )
            # check the combining rules for both boxes and merge them into 1 combining rule.
            # Remove the empty box's None value, using the combining rule for the box with molecules.
            if self.combining_rule_dict_box_0 == self.combining_rule_dict_box_1:
                self.combining_rule = self.combining_rule_dict_box_0
            elif self.combining_rule_dict_box_0 is None:
                self.combining_rule = self.combining_rule_dict_box_1
            elif self.combining_rule_dict_box_1 is None:
                self.combining_rule = self.combining_rule_dict_box_0
            else:
                print_error_message = (
                    f"ERROR: There are multiple combining or mixing rules "
                    f"GOMC will only accept a singular input for the mixing rules. "
                    f"The provided mixing rules are "
                    f"{self.combining_rule_dict_box_0} and {self.combining_rule_dict_box_1} "
                    f"for box 0 and 1, respectively"
                )
                raise ValueError(print_error_message)
    
            self.residues_applied_list_box_0_and_1 = (
                self.residues_applied_list_box_0
            )
            for res_iter in self.residues_applied_list_box_1:
                if res_iter not in self.residues_applied_list_box_0:
                    self.residues_applied_list_box_0_and_1.append(res_iter)
    
            for res_iter_0_1 in self.residues_applied_list_box_0_and_1:
                if res_iter_0_1 not in self.residues:
                    self.input_error = True
                    print_error_message = (
                        "ERROR: All the residues were not used from the forcefield_selection "
                        "string or dictionary.  There may be residues below other specified "
                        "residues in the mbuild.Compound hierarchy.  If so, the residues "
                        "acquire the residue's force fields, which is at the top of the "
                        "hierarchy.  Alternatively, residues that are not in the structure "
                        "may have been specified."
                    )
                    raise ValueError(print_error_message)
    
            for res_iter_0_1 in self.residues:
                if res_iter_0_1 not in self.residues_applied_list_box_0_and_1:
                    self.input_error = True
                    print_error_message = (
                        "ERROR: All the residues were not used from the forcefield_selection "
                        "string or dictionary.  There may be residues below other specified "
                        "residues in the mbuild.Compound hierarchy.  If so, the residues "
                        "acquire the residue's force fields, which is at the top of the "
                        "hierarchy.  Alternatively, residues that are not in the structure "
                        "may have been specified."
                    )
                    raise ValueError(print_error_message)
    
            # check that there are atoms in the system (checking box 0 and 1)
            site_list_box_0_and_1 = [
                site for site in self.topology_box_0_and_1_ff.sites
            ]
            if len(site_list_box_0_and_1) == 0:
                self.input_error = True
                print_error_message = (
                    "ERROR: the submitted structure has no PDB coordinates, "
                    "so the PDB writer has terminated. "
                )
                raise ValueError(print_error_message)
    
            # Check if the box 0's charges sum to zero
            charge_list_box_0 = [
                site.atom_type.__dict__["charge_"].to("C") / u.elementary_charge
                for site in self.topology_box_0_ff.sites
            ]
    
            if len(charge_list_box_0) != 0:
                total_charge_box_0 = sum(charge_list_box_0)
                total_charge_box_0 = total_charge_box_0.to_value(
                    "(dimensionless)"
                )
    
                if round(total_charge_box_0, 6) != 0.0:
                    warn(
                        "System is not charge neutral for structure_box_0. "
                        "Total charge is {}.".format(total_charge_box_0)
                    )
    
            # Check if the box 1's charges sum to zero
            charge_list_box_1 = [
                site.atom_type.__dict__["charge_"].to("C") / u.elementary_charge
                for site in self.topology_box_1_ff.sites
            ]
            if len(charge_list_box_1) != 0:
                total_charge_box_1 = sum(charge_list_box_1)
                total_charge_box_1 = total_charge_box_1.to_value(
                    "(dimensionless)"
                )
    
                if round(total_charge_box_1, 6) != 0.0:
                    warn(
                        "System is not charge neutral for structure_box_1. "
                        "Total charge is {}.".format(total_charge_box_1)
                    )
    
            # Check if the box 0 and 1's charges sum to zero
            charge_list_box_0_and_1 = [
                site.atom_type.__dict__["charge_"].to("C") / u.elementary_charge
                for site in self.topology_box_0_and_1_ff.sites
            ]
            total_charge_box_0_and_1 = sum(charge_list_box_0_and_1).to_value(
                "(dimensionless)"
            )
            if round(total_charge_box_0_and_1, 6) != 0.0:
                warn(
                    "System is not charge neutral for structure_0_and_1. "
                    "Total charge is {}.".format(total_charge_box_0_and_1)
                )
    
        else:
            print(
                "GOMC FF writing each residues FF as a group for structure_box_0"
            )
            [
                self.topology_box_0_ff,
                self.residues_applied_list_box_0,
                self.electrostatics14Scale_dict_box_0,
                self.nonBonded14Scale_dict_box_0,
                self.atom_types_dict_box_0,
                self.bond_types_dict_box_0,
                self.angle_types_dict_box_0,
                self.dihedral_types_dict_box_0,
                self.improper_types_dict_box_0,
                self.combining_rule_dict_box_0,
            ] = specific_ff_to_residue(
                self.structure_box_0,
                forcefield_selection=self.forcefield_selection,
                gmso_match_ff_by=gmso_match_ff_by,
                residues=self.residues,
                boxes_for_simulation=self.boxes_for_simulation,
                use_template_ff=self.use_template_ff,
            )
    
            if self.use_template_ff:
                self.topology_box_0_ff = TemplateTopologyProxy(self.topology_box_0_ff, self.topology_box_0_ff.__dict__["sequence_"])
    
            self.atom_types_dict_per_residue.update(self.atom_types_dict_box_0)
            self.bond_types_dict_per_residue.update(self.bond_types_dict_box_0)
            self.angle_types_dict_per_residue.update(
                self.angle_types_dict_box_0
            )
            self.dihedral_types_dict_per_residue.update(
                self.dihedral_types_dict_box_0
            )
            self.improper_types_dict_per_residue.update(
                self.improper_types_dict_box_0
            )
    
            self.combined_1_4_nonbonded_dict_per_residue.update(
                self.nonBonded14Scale_dict_box_0
            )
            self.combined_1_4_electrostatic_dict_per_residue.update(
                self.electrostatics14Scale_dict_box_0
            )
            self.combining_rule = self.combining_rule_dict_box_0
    
            for res_iter_0 in self.residues_applied_list_box_0:
                if res_iter_0 not in self.residues:
                    self.input_error = True
                    print_error_message = (
                        "ERROR: All the residues were not used from the forcefield_selection "
                        "string or dictionary.  There may be residues below other specified "
                        "residues in the mbuild.Compound hierarchy.  If so, the residues "
                        "acquire the residue's force fields, which is at the top of the "
                        "hierarchy.  Alternatively, residues that are not in the structure "
                        "may have been specified."
                    )
                    raise ValueError(print_error_message)
    
            for res_iter_0 in self.residues:
                if res_iter_0 not in self.residues_applied_list_box_0:
                    self.input_error = True
                    print_error_message = (
                        "ERROR: All the residues were not used from the forcefield_selection "
                        "string or dictionary.  There may be residues below other specified "
                        "residues in the mbuild.Compound hierarchy.  If so, the residues "
                        "acquire the residue's force fields, which is at the top of the "
                        "hierarchy.  Alternatively, residues that are not in the structure "
                        "may have been specified."
                    )
                    raise ValueError(print_error_message)
    
            # check that there are atoms in the system (checking box 0 and 1)
            site_list_box_0 = [site for site in self.topology_box_0_ff.sites]
            if len(site_list_box_0) == 0:
                self.input_error = True
                print_error_message = (
                    "ERROR: the submitted structure has no PDB coordinates, "
                    "so the PDB writer has terminated. "
                )
                raise ValueError(print_error_message)
    
            # Check if the box 0's charges sum to zero
            charge_list_box_0 = [
                site.atom_type.__dict__["charge_"].to("C") / u.elementary_charge
                for site in self.topology_box_0_ff.sites
            ]
            if len(charge_list_box_0) != 0:
                total_charge_box_0 = sum(charge_list_box_0)
                total_charge_box_0 = total_charge_box_0.to_value(
                    "(dimensionless)"
                )
    
                if round(total_charge_box_0, 6) != 0.0:
                    warn(
                        "System is not charge neutral for structure_box_0. "
                        "Total charge is {}.".format(total_charge_box_0)
                    )
    
        print(f"forcefield type from compound = {self.forcefield_selection}")
        print(
            f"coulomb14scale from compound = {self.combined_1_4_electrostatic_dict_per_residue}"
        )
        print(
            f"nonbonded14scale from compound = {self.combined_1_4_nonbonded_dict_per_residue}"
        )
    
        # select all atoms in the or both boxes
        if self.structure_box_1:
            self.topology_selection = self.topology_box_0_and_1_ff
        else:
            self.topology_selection = self.topology_box_0_ff
    
        # get atom_type info
        # Example: {'ff_atom_name': {'atomclass': 'CT', 'description': 'alkane CH3',
        # 'definition': '[C;X4](C)(H)(H)H]', 'doi': 'doi.xxxx' }, ..., }
        self.atom_type_info_dict = {}
        for site in self.topology_selection.sites:
            key_iter = f"{site.__dict__['residue_name_']}_{site.atom_type.__dict__['name_']}"
            if key_iter not in self.atom_type_info_dict.keys():
                charge_value = (
                    site.atom_type.__dict__["charge_"].to("C")
                    / u.elementary_charge
                )
                charge_value = charge_value.to_value("(dimensionless)")
    
                self.atom_type_info_dict.update(
                    {
                        key_iter: {
                            "potential_expression_": site.atom_type.__dict__[
                                "potential_expression_"
                            ],
                            "mass_": site.atom_type.__dict__["mass_"].to("amu"),
                            "charge_": charge_value,
                            "atomclass_": site.atom_type.__dict__["atomclass_"],
                            "doi_": site.atom_type.__dict__["doi_"],
                            "overrides_": site.atom_type.__dict__["overrides_"],
                            "definition_": site.atom_type.__dict__[
                                "definition_"
                            ],
                            "description_": site.atom_type.__dict__[
                                "description_"
                            ],
                            "residue_name_": site.__dict__["residue_name_"],
>                           "element_": site.__dict__["name_"],
                            "atom_type_": site.atom_type.__dict__["name_"],
                        }
                    }
                )
E               KeyError: 'name_'

/home/ai8111/mosdef/MoSDeF-GOMC/mosdef_gomc/formats/gmso_charmm_writer.py:1996: KeyError
----------------------------- Captured stdout call -----------------------------
write_gomcdata: forcefield_selection = {'ETH': 'oplsaa', 'WAT': '/home/ai8111/mosdef/MoSDeF-GOMC/mosdef_gomc/utils/files/spce_coul_14_half__LJ_14_zero.xml'}, residues = ['ETH', 'WAT']
******************************

GOMC FF writing each residues FF as a group for structure_box_0
forcefield_selection = {'ETH': 'oplsaa', 'WAT': '/home/ai8111/mosdef/MoSDeF-GOMC/mosdef_gomc/utils/files/spce_coul_14_half__LJ_14_zero.xml'}
forcefield type from compound = {'ETH': 'oplsaa', 'WAT': '/home/ai8111/mosdef/MoSDeF-GOMC/mosdef_gomc/utils/files/spce_coul_14_half__LJ_14_zero.xml'}
coulomb14scale from compound = {'ETH': 0.5, 'WAT': 0.5}
nonbonded14scale from compound = {'ETH': 0.5, 'WAT': 0.0}
=============================== warnings summary ===============================
../../miniconda3/envs/mg2/lib/python3.10/site-packages/gmso/core/element.py:10
  /home/ai8111/miniconda3/envs/mg2/lib/python3.10/site-packages/gmso/core/element.py:10: DeprecationWarning: pkg_resources is deprecated as an API. See https://setuptools.pypa.io/en/latest/pkg_resources.html
    from pkg_resources import resource_filename

../../miniconda3/envs/mg2/lib/python3.10/site-packages/pkg_resources/__init__.py:2825
  /home/ai8111/miniconda3/envs/mg2/lib/python3.10/site-packages/pkg_resources/__init__.py:2825: DeprecationWarning: Deprecated call to `pkg_resources.declare_namespace('google')`.
  Implementing implicit namespace packages (as specified in PEP 420) is preferred to `pkg_resources.declare_namespace`. See https://setuptools.pypa.io/en/latest/references/keywords.html#keyword-namespace-packages
    declare_namespace(pkg)

mosdef_gomc/tests/test_gmso_charmm_writer.py: 58 warnings
  /home/ai8111/miniconda3/envs/mg2/lib/python3.10/site-packages/gmso/core/atom_type.py:244: UserWarning: Masses are assumed to be in units of g/mol
    warnings.warn(UNIT_WARNING_STRING.format("Masses", "g/mol"))

mosdef_gomc/tests/test_gmso_charmm_writer.py: 106 warnings
  /home/ai8111/miniconda3/envs/mg2/lib/python3.10/site-packages/gmso/core/atom_type.py:256: UserWarning: Charges are assumed to be in units of elementary charge
    warnings.warn(

mosdef_gomc/tests/test_gmso_charmm_writer.py: 20 warnings
  /home/ai8111/miniconda3/envs/mg2/lib/python3.10/site-packages/gmso/core/forcefield.py:366: UserWarning: BondType between atoms opls_135 and opls_135 is missing from the ForceField
    warnings.warn(msg)

mosdef_gomc/tests/test_gmso_charmm_writer.py: 20 warnings
  /home/ai8111/miniconda3/envs/mg2/lib/python3.10/site-packages/gmso/core/forcefield.py:366: UserWarning: BondType between atoms opls_135 and opls_140 is missing from the ForceField
    warnings.warn(msg)

mosdef_gomc/tests/test_gmso_charmm_writer.py: 20 warnings
  /home/ai8111/miniconda3/envs/mg2/lib/python3.10/site-packages/gmso/core/forcefield.py:397: UserWarning: AngleType between atoms opls_135, opls_135 and opls_140 is missing from the ForceField
    warnings.warn(msg)

mosdef_gomc/tests/test_gmso_charmm_writer.py: 20 warnings
  /home/ai8111/miniconda3/envs/mg2/lib/python3.10/site-packages/gmso/core/forcefield.py:397: UserWarning: AngleType between atoms opls_140, opls_135 and opls_140 is missing from the ForceField
    warnings.warn(msg)

mosdef_gomc/tests/test_gmso_charmm_writer.py: 20 warnings
  /home/ai8111/miniconda3/envs/mg2/lib/python3.10/site-packages/gmso/core/forcefield.py:458: UserWarning: DihedralType between atoms opls_140, opls_135, opls_135 and opls_140 is missing from the ForceField.
    warnings.warn(msg)

mosdef_gomc/tests/test_gmso_charmm_writer.py: 20 warnings
  /home/ai8111/miniconda3/envs/mg2/lib/python3.10/site-packages/gmso/core/forcefield.py:532: UserWarning: ImproperType between atoms opls_135, opls_135, opls_140 and opls_140 is missing from the ForceField.
    warnings.warn(msg)

mosdef_gomc/tests/test_gmso_charmm_writer.py: 21 warnings
  /home/ai8111/miniconda3/envs/mg2/lib/python3.10/site-packages/gmso/core/forcefield.py:532: UserWarning: ImproperType between atoms CT, CT, HC and HC is missing from the ForceField.
    warnings.warn(msg)

mosdef_gomc/tests/test_gmso_charmm_writer.py: 20 warnings
  /home/ai8111/miniconda3/envs/mg2/lib/python3.10/site-packages/gmso/core/forcefield.py:532: UserWarning: ImproperType between atoms opls_135, opls_140, opls_140 and opls_140 is missing from the ForceField.
    warnings.warn(msg)

mosdef_gomc/tests/test_gmso_charmm_writer.py: 20 warnings
  /home/ai8111/miniconda3/envs/mg2/lib/python3.10/site-packages/gmso/core/forcefield.py:532: UserWarning: ImproperType between atoms CT, HC, HC and HC is missing from the ForceField.
    warnings.warn(msg)

mosdef_gomc/tests/test_gmso_charmm_writer.py: 72 warnings
  /home/ai8111/mosdef/MoSDeF-GOMC/mosdef_gomc/formats/gmso_charmm_writer.py:2857: UserWarning: WARNING: atom_type_naming_style = 'general'
  WARNING: The 'general' convention is UNSAFE, and the EXPERT user SHOULD USE AT THEIR OWN RISK, making SURE ALL THE BONDED PARAMETERS HAVE THE SAME VALUES IN THE UTILIZED FORCE FIELD XMLs.  Also, this DOES NOT ENSURE that THERE ARE NO specific Foyer XML ATOM TYPE BONDED CONNECTIONS in the Foyer FORCE FIELD XMLs, instead of the Foyer atom class type bonded connections, which could RESULT IN AN INCORRECT FORCE FIELD PARAMETERIZATION.  This is UNSAFE to use even with the same force field XML file, so the EXPERT user SHOULD USE AT THEIR OWN RISK.
  The 'general' convention only tests if the sigma, epsilons, mass, and Mie-n values are identical between the different molecules (residues in this context) and their applied force fields and DOES NOT check that any or all of the bonded parameters have the same or conflicting values. 
    warn(

mosdef_gomc/tests/test_gmso_charmm_writer.py::TestCharmmWriterData::test_save_charmm_psf_2_ethane_from_single_mol2
mosdef_gomc/tests/test_gmso_charmm_writer.py::TestCharmmWriterData::test_save_charmm_pdb_2_ethane_from_single_mol2
mosdef_gomc/tests/test_gmso_charmm_writer.py::TestCharmmWriterData::test_save_charmm_gomc_ethyl_benzene_aa_ff
mosdef_gomc/tests/test_gmso_charmm_writer.py::TestCharmmWriterData::test_save_charmm_gomc_methyl_benzene_aa_ff
mosdef_gomc/tests/test_gmso_charmm_writer.py::TestCharmmWriterData::test_save_charmm_gomc_benzene_aa_ff
mosdef_gomc/tests/test_gmso_charmm_writer.py::TestCharmmWriterData::test_save_charmm_ethyl_benzene_aa_psf
  /home/ai8111/miniconda3/envs/mg2/lib/python3.10/site-packages/gmso/formats/mol2.py:80: UserWarning: The record type indicator Meta is not supported. Skipping current section and moving to the next RTI header.
    warnings.warn(

mosdef_gomc/tests/test_gmso_charmm_writer.py::TestCharmmWriterData::test_save_charmm_psf_2_ethane_from_single_mol2
mosdef_gomc/tests/test_gmso_charmm_writer.py::TestCharmmWriterData::test_save_charmm_pdb_2_ethane_from_single_mol2
mosdef_gomc/tests/test_gmso_charmm_writer.py::TestCharmmWriterData::test_save_charmm_gomc_ethyl_benzene_aa_ff
mosdef_gomc/tests/test_gmso_charmm_writer.py::TestCharmmWriterData::test_save_charmm_gomc_methyl_benzene_aa_ff
mosdef_gomc/tests/test_gmso_charmm_writer.py::TestCharmmWriterData::test_save_charmm_gomc_benzene_aa_ff
mosdef_gomc/tests/test_gmso_charmm_writer.py::TestCharmmWriterData::test_save_charmm_ethyl_benzene_aa_psf
  /home/ai8111/miniconda3/envs/mg2/lib/python3.10/site-packages/gmso/core/atom.py:194: UserWarning: Charges are assumed to be in units of elementary charge
    warnings.warn(

mosdef_gomc/tests/test_gmso_charmm_writer.py::TestCharmmWriterData::test_save_charmm_psf_2_ethane_from_single_mol2
mosdef_gomc/tests/test_gmso_charmm_writer.py::TestCharmmWriterData::test_save_charmm_pdb_2_ethane_from_single_mol2
mosdef_gomc/tests/test_gmso_charmm_writer.py::TestCharmmWriterData::test_save_charmm_gomc_ethyl_benzene_aa_ff
mosdef_gomc/tests/test_gmso_charmm_writer.py::TestCharmmWriterData::test_save_charmm_gomc_methyl_benzene_aa_ff
mosdef_gomc/tests/test_gmso_charmm_writer.py::TestCharmmWriterData::test_save_charmm_gomc_benzene_aa_ff
mosdef_gomc/tests/test_gmso_charmm_writer.py::TestCharmmWriterData::test_save_charmm_ethyl_benzene_aa_psf
  /home/ai8111/miniconda3/envs/mg2/lib/python3.10/site-packages/gmso/formats/mol2.py:80: UserWarning: The record type indicator @<TRIPOS>SUBSTRUCTURE is not supported. Skipping current section and moving to the next RTI header.
    warnings.warn(

mosdef_gomc/tests/test_gmso_charmm_writer.py: 23 warnings
  /home/ai8111/miniconda3/envs/mg2/lib/python3.10/site-packages/gmso/core/forcefield.py:366: UserWarning: BondType between atoms o_spce and h_spce is missing from the ForceField
    warnings.warn(msg)

mosdef_gomc/tests/test_gmso_charmm_writer.py: 20 warnings
  /home/ai8111/miniconda3/envs/mg2/lib/python3.10/site-packages/gmso/core/forcefield.py:397: UserWarning: AngleType between atoms h_spce, o_spce and h_spce is missing from the ForceField
    warnings.warn(msg)

mosdef_gomc/tests/test_gmso_charmm_writer.py::TestCharmmWriterData::test_save_charmm_gomc_ethyl_benzene_aa_ff
mosdef_gomc/tests/test_gmso_charmm_writer.py::TestCharmmWriterData::test_save_charmm_gomc_methyl_benzene_aa_ff
mosdef_gomc/tests/test_gmso_charmm_writer.py::TestCharmmWriterData::test_save_charmm_gomc_benzene_aa_ff
mosdef_gomc/tests/test_gmso_charmm_writer.py::TestCharmmWriterData::test_save_charmm_ethyl_benzene_aa_psf
  /home/ai8111/miniconda3/envs/mg2/lib/python3.10/site-packages/gmso/core/forcefield.py:366: UserWarning: BondType between atoms CH_sp2 and CH_sp2 is missing from the ForceField
    warnings.warn(msg)

mosdef_gomc/tests/test_gmso_charmm_writer.py::TestCharmmWriterData::test_save_charmm_gomc_ethyl_benzene_aa_ff
mosdef_gomc/tests/test_gmso_charmm_writer.py::TestCharmmWriterData::test_save_charmm_gomc_methyl_benzene_aa_ff
mosdef_gomc/tests/test_gmso_charmm_writer.py::TestCharmmWriterData::test_save_charmm_ethyl_benzene_aa_psf
  /home/ai8111/miniconda3/envs/mg2/lib/python3.10/site-packages/gmso/core/forcefield.py:366: UserWarning: BondType between atoms CH_sp2 and C_sp2 is missing from the ForceField
    warnings.warn(msg)

mosdef_gomc/tests/test_gmso_charmm_writer.py::TestCharmmWriterData::test_save_charmm_gomc_ethyl_benzene_aa_ff
mosdef_gomc/tests/test_gmso_charmm_writer.py::TestCharmmWriterData::test_save_charmm_gomc_methyl_benzene_aa_ff
mosdef_gomc/tests/test_gmso_charmm_writer.py::TestCharmmWriterData::test_save_charmm_gomc_benzene_aa_ff
mosdef_gomc/tests/test_gmso_charmm_writer.py::TestCharmmWriterData::test_save_charmm_ethyl_benzene_aa_psf
  /home/ai8111/miniconda3/envs/mg2/lib/python3.10/site-packages/gmso/core/forcefield.py:366: UserWarning: BondType between atoms CH_sp2 and HCE is missing from the ForceField
    warnings.warn(msg)

mosdef_gomc/tests/test_gmso_charmm_writer.py::TestCharmmWriterData::test_save_charmm_gomc_ethyl_benzene_aa_ff
mosdef_gomc/tests/test_gmso_charmm_writer.py::TestCharmmWriterData::test_save_charmm_ethyl_benzene_aa_psf
  /home/ai8111/miniconda3/envs/mg2/lib/python3.10/site-packages/gmso/core/forcefield.py:366: UserWarning: BondType between atoms C_sp2 and CH2_sp3 is missing from the ForceField
    warnings.warn(msg)

mosdef_gomc/tests/test_gmso_charmm_writer.py::TestCharmmWriterData::test_save_charmm_gomc_ethyl_benzene_aa_ff
mosdef_gomc/tests/test_gmso_charmm_writer.py::TestCharmmWriterData::test_save_charmm_ethyl_benzene_aa_psf
mosdef_gomc/tests/test_gmso_charmm_writer.py::TestCharmmWriterData::test_save_Exp6_gomc_ff
mosdef_gomc/tests/test_gmso_charmm_writer.py::TestCharmmWriterData::test_save_Exp6_eqn_times_2_gomc_ff
mosdef_gomc/tests/test_gmso_charmm_writer.py::TestCharmmWriterData::test_tabulated_potential_writer
  /home/ai8111/miniconda3/envs/mg2/lib/python3.10/site-packages/gmso/core/forcefield.py:366: UserWarning: BondType between atoms CH2_sp3 and CH3_sp3 is missing from the ForceField
    warnings.warn(msg)

mosdef_gomc/tests/test_gmso_charmm_writer.py::TestCharmmWriterData::test_save_charmm_gomc_ethyl_benzene_aa_ff
mosdef_gomc/tests/test_gmso_charmm_writer.py::TestCharmmWriterData::test_save_charmm_ethyl_benzene_aa_psf
  /home/ai8111/miniconda3/envs/mg2/lib/python3.10/site-packages/gmso/core/forcefield.py:366: UserWarning: BondType between atoms CH2_sp3 and HCT is missing from the ForceField
    warnings.warn(msg)

mosdef_gomc/tests/test_gmso_charmm_writer.py::TestCharmmWriterData::test_save_charmm_gomc_ethyl_benzene_aa_ff
mosdef_gomc/tests/test_gmso_charmm_writer.py::TestCharmmWriterData::test_save_charmm_gomc_methyl_benzene_aa_ff
mosdef_gomc/tests/test_gmso_charmm_writer.py::TestCharmmWriterData::test_save_charmm_ethyl_benzene_aa_psf
  /home/ai8111/miniconda3/envs/mg2/lib/python3.10/site-packages/gmso/core/forcefield.py:366: UserWarning: BondType between atoms CH3_sp3 and HCT is missing from the ForceField
    warnings.warn(msg)

mosdef_gomc/tests/test_gmso_charmm_writer.py::TestCharmmWriterData::test_save_charmm_gomc_ethyl_benzene_aa_ff
mosdef_gomc/tests/test_gmso_charmm_writer.py::TestCharmmWriterData::test_save_charmm_gomc_methyl_benzene_aa_ff
mosdef_gomc/tests/test_gmso_charmm_writer.py::TestCharmmWriterData::test_save_charmm_ethyl_benzene_aa_psf
  /home/ai8111/miniconda3/envs/mg2/lib/python3.10/site-packages/gmso/core/forcefield.py:397: UserWarning: AngleType between atoms CH_sp2, CH_sp2 and C_sp2 is missing from the ForceField
    warnings.warn(msg)

mosdef_gomc/tests/test_gmso_charmm_writer.py::TestCharmmWriterData::test_save_charmm_gomc_ethyl_benzene_aa_ff
mosdef_gomc/tests/test_gmso_charmm_writer.py::TestCharmmWriterData::test_save_charmm_gomc_methyl_benzene_aa_ff
mosdef_gomc/tests/test_gmso_charmm_writer.py::TestCharmmWriterData::test_save_charmm_gomc_benzene_aa_ff
mosdef_gomc/tests/test_gmso_charmm_writer.py::TestCharmmWriterData::test_save_charmm_ethyl_benzene_aa_psf
  /home/ai8111/miniconda3/envs/mg2/lib/python3.10/site-packages/gmso/core/forcefield.py:397: UserWarning: AngleType between atoms CH_sp2, CH_sp2 and HCE is missing from the ForceField
    warnings.warn(msg)

mosdef_gomc/tests/test_gmso_charmm_writer.py::TestCharmmWriterData::test_save_charmm_gomc_ethyl_benzene_aa_ff
mosdef_gomc/tests/test_gmso_charmm_writer.py::TestCharmmWriterData::test_save_charmm_gomc_methyl_benzene_aa_ff
mosdef_gomc/tests/test_gmso_charmm_writer.py::TestCharmmWriterData::test_save_charmm_ethyl_benzene_aa_psf
  /home/ai8111/miniconda3/envs/mg2/lib/python3.10/site-packages/gmso/core/forcefield.py:397: UserWarning: AngleType between atoms C_sp2, CH_sp2 and HCE is missing from the ForceField
    warnings.warn(msg)

mosdef_gomc/tests/test_gmso_charmm_writer.py::TestCharmmWriterData::test_save_charmm_gomc_ethyl_benzene_aa_ff
mosdef_gomc/tests/test_gmso_charmm_writer.py::TestCharmmWriterData::test_save_charmm_gomc_methyl_benzene_aa_ff
mosdef_gomc/tests/test_gmso_charmm_writer.py::TestCharmmWriterData::test_save_charmm_gomc_benzene_aa_ff
mosdef_gomc/tests/test_gmso_charmm_writer.py::TestCharmmWriterData::test_save_charmm_ethyl_benzene_aa_psf
  /home/ai8111/miniconda3/envs/mg2/lib/python3.10/site-packages/gmso/core/forcefield.py:397: UserWarning: AngleType between atoms CH_sp2, CH_sp2 and CH_sp2 is missing from the ForceField
    warnings.warn(msg)

mosdef_gomc/tests/test_gmso_charmm_writer.py::TestCharmmWriterData::test_save_charmm_gomc_ethyl_benzene_aa_ff
mosdef_gomc/tests/test_gmso_charmm_writer.py::TestCharmmWriterData::test_save_charmm_gomc_methyl_benzene_aa_ff
mosdef_gomc/tests/test_gmso_charmm_writer.py::TestCharmmWriterData::test_save_charmm_ethyl_benzene_aa_psf
  /home/ai8111/miniconda3/envs/mg2/lib/python3.10/site-packages/gmso/core/forcefield.py:397: UserWarning: AngleType between atoms CH_sp2, C_sp2 and CH_sp2 is missing from the ForceField
    warnings.warn(msg)

mosdef_gomc/tests/test_gmso_charmm_writer.py::TestCharmmWriterData::test_save_charmm_gomc_ethyl_benzene_aa_ff
mosdef_gomc/tests/test_gmso_charmm_writer.py::TestCharmmWriterData::test_save_charmm_ethyl_benzene_aa_psf
  /home/ai8111/miniconda3/envs/mg2/lib/python3.10/site-packages/gmso/core/forcefield.py:397: UserWarning: AngleType between atoms CH_sp2, C_sp2 and CH2_sp3 is missing from the ForceField
    warnings.warn(msg)

mosdef_gomc/tests/test_gmso_charmm_writer.py::TestCharmmWriterData::test_save_charmm_gomc_ethyl_benzene_aa_ff
mosdef_gomc/tests/test_gmso_charmm_writer.py::TestCharmmWriterData::test_save_charmm_ethyl_benzene_aa_psf
  /home/ai8111/miniconda3/envs/mg2/lib/python3.10/site-packages/gmso/core/forcefield.py:397: UserWarning: AngleType between atoms C_sp2, CH2_sp3 and CH3_sp3 is missing from the ForceField
    warnings.warn(msg)

mosdef_gomc/tests/test_gmso_charmm_writer.py::TestCharmmWriterData::test_save_charmm_gomc_ethyl_benzene_aa_ff
mosdef_gomc/tests/test_gmso_charmm_writer.py::TestCharmmWriterData::test_save_charmm_ethyl_benzene_aa_psf
  /home/ai8111/miniconda3/envs/mg2/lib/python3.10/site-packages/gmso/core/forcefield.py:397: UserWarning: AngleType between atoms C_sp2, CH2_sp3 and HCT is missing from the ForceField
    warnings.warn(msg)

mosdef_gomc/tests/test_gmso_charmm_writer.py::TestCharmmWriterData::test_save_charmm_gomc_ethyl_benzene_aa_ff
mosdef_gomc/tests/test_gmso_charmm_writer.py::TestCharmmWriterData::test_save_charmm_ethyl_benzene_aa_psf
  /home/ai8111/miniconda3/envs/mg2/lib/python3.10/site-packages/gmso/core/forcefield.py:397: UserWarning: AngleType between atoms CH3_sp3, CH2_sp3 and HCT is missing from the ForceField
    warnings.warn(msg)

mosdef_gomc/tests/test_gmso_charmm_writer.py::TestCharmmWriterData::test_save_charmm_gomc_ethyl_benzene_aa_ff
mosdef_gomc/tests/test_gmso_charmm_writer.py::TestCharmmWriterData::test_save_charmm_ethyl_benzene_aa_psf
  /home/ai8111/miniconda3/envs/mg2/lib/python3.10/site-packages/gmso/core/forcefield.py:397: UserWarning: AngleType between atoms HCT, CH2_sp3 and HCT is missing from the ForceField
    warnings.warn(msg)

mosdef_gomc/tests/test_gmso_charmm_writer.py::TestCharmmWriterData::test_save_charmm_gomc_ethyl_benzene_aa_ff
mosdef_gomc/tests/test_gmso_charmm_writer.py::TestCharmmWriterData::test_save_charmm_ethyl_benzene_aa_psf
  /home/ai8111/miniconda3/envs/mg2/lib/python3.10/site-packages/gmso/core/forcefield.py:397: UserWarning: AngleType between atoms CH2_sp3, CH3_sp3 and HCT is missing from the ForceField
    warnings.warn(msg)

mosdef_gomc/tests/test_gmso_charmm_writer.py::TestCharmmWriterData::test_save_charmm_gomc_ethyl_benzene_aa_ff
mosdef_gomc/tests/test_gmso_charmm_writer.py::TestCharmmWriterData::test_save_charmm_gomc_methyl_benzene_aa_ff
mosdef_gomc/tests/test_gmso_charmm_writer.py::TestCharmmWriterData::test_save_charmm_ethyl_benzene_aa_psf
  /home/ai8111/miniconda3/envs/mg2/lib/python3.10/site-packages/gmso/core/forcefield.py:397: UserWarning: AngleType between atoms HCT, CH3_sp3 and HCT is missing from the ForceField
    warnings.warn(msg)

mosdef_gomc/tests/test_gmso_charmm_writer.py::TestCharmmWriterData::test_save_charmm_gomc_ethyl_benzene_aa_ff
mosdef_gomc/tests/test_gmso_charmm_writer.py::TestCharmmWriterData::test_save_charmm_gomc_methyl_benzene_aa_ff
mosdef_gomc/tests/test_gmso_charmm_writer.py::TestCharmmWriterData::test_save_charmm_ethyl_benzene_aa_psf
  /home/ai8111/miniconda3/envs/mg2/lib/python3.10/site-packages/gmso/core/forcefield.py:458: UserWarning: DihedralType between atoms C_sp2, CH_sp2, CH_sp2 and HCE is missing from the ForceField.
    warnings.warn(msg)

mosdef_gomc/tests/test_gmso_charmm_writer.py::TestCharmmWriterData::test_save_charmm_gomc_ethyl_benzene_aa_ff
mosdef_gomc/tests/test_gmso_charmm_writer.py::TestCharmmWriterData::test_save_charmm_gomc_methyl_benzene_aa_ff
mosdef_gomc/tests/test_gmso_charmm_writer.py::TestCharmmWriterData::test_save_charmm_gomc_benzene_aa_ff
mosdef_gomc/tests/test_gmso_charmm_writer.py::TestCharmmWriterData::test_save_charmm_ethyl_benzene_aa_psf
  /home/ai8111/miniconda3/envs/mg2/lib/python3.10/site-packages/gmso/core/forcefield.py:458: UserWarning: DihedralType between atoms HCE, CH_sp2, CH_sp2 and HCE is missing from the ForceField.
    warnings.warn(msg)

mosdef_gomc/tests/test_gmso_charmm_writer.py::TestCharmmWriterData::test_save_charmm_gomc_ethyl_benzene_aa_ff
mosdef_gomc/tests/test_gmso_charmm_writer.py::TestCharmmWriterData::test_save_charmm_gomc_methyl_benzene_aa_ff
mosdef_gomc/tests/test_gmso_charmm_writer.py::TestCharmmWriterData::test_save_charmm_ethyl_benzene_aa_psf
  /home/ai8111/miniconda3/envs/mg2/lib/python3.10/site-packages/gmso/core/forcefield.py:458: UserWarning: DihedralType between atoms CH_sp2, CH_sp2, C_sp2 and CH_sp2 is missing from the ForceField.
    warnings.warn(msg)

mosdef_gomc/tests/test_gmso_charmm_writer.py::TestCharmmWriterData::test_save_charmm_gomc_ethyl_benzene_aa_ff
mosdef_gomc/tests/test_gmso_charmm_writer.py::TestCharmmWriterData::test_save_charmm_ethyl_benzene_aa_psf
  /home/ai8111/miniconda3/envs/mg2/lib/python3.10/site-packages/gmso/core/forcefield.py:458: UserWarning: DihedralType between atoms CH_sp2, CH_sp2, C_sp2 and CH2_sp3 is missing from the ForceField.
    warnings.warn(msg)

mosdef_gomc/tests/test_gmso_charmm_writer.py::TestCharmmWriterData::test_save_charmm_gomc_ethyl_benzene_aa_ff
mosdef_gomc/tests/test_gmso_charmm_writer.py::TestCharmmWriterData::test_save_charmm_gomc_methyl_benzene_aa_ff
mosdef_gomc/tests/test_gmso_charmm_writer.py::TestCharmmWriterData::test_save_charmm_ethyl_benzene_aa_psf
  /home/ai8111/miniconda3/envs/mg2/lib/python3.10/site-packages/gmso/core/forcefield.py:458: UserWarning: DihedralType between atoms CH_sp2, CH_sp2, CH_sp2 and C_sp2 is missing from the ForceField.
    warnings.warn(msg)

mosdef_gomc/tests/test_gmso_charmm_writer.py::TestCharmmWriterData::test_save_charmm_gomc_ethyl_benzene_aa_ff
mosdef_gomc/tests/test_gmso_charmm_writer.py::TestCharmmWriterData::test_save_charmm_gomc_methyl_benzene_aa_ff
mosdef_gomc/tests/test_gmso_charmm_writer.py::TestCharmmWriterData::test_save_charmm_gomc_benzene_aa_ff
mosdef_gomc/tests/test_gmso_charmm_writer.py::TestCharmmWriterData::test_save_charmm_ethyl_benzene_aa_psf
  /home/ai8111/miniconda3/envs/mg2/lib/python3.10/site-packages/gmso/core/forcefield.py:458: UserWarning: DihedralType between atoms CH_sp2, CH_sp2, CH_sp2 and HCE is missing from the ForceField.
    warnings.warn(msg)

mosdef_gomc/tests/test_gmso_charmm_writer.py::TestCharmmWriterData::test_save_charmm_gomc_ethyl_benzene_aa_ff
mosdef_gomc/tests/test_gmso_charmm_writer.py::TestCharmmWriterData::test_save_charmm_gomc_methyl_benzene_aa_ff
mosdef_gomc/tests/test_gmso_charmm_writer.py::TestCharmmWriterData::test_save_charmm_gomc_benzene_aa_ff
mosdef_gomc/tests/test_gmso_charmm_writer.py::TestCharmmWriterData::test_save_charmm_ethyl_benzene_aa_psf
  /home/ai8111/miniconda3/envs/mg2/lib/python3.10/site-packages/gmso/core/forcefield.py:458: UserWarning: DihedralType between atoms CH_sp2, CH_sp2, CH_sp2 and CH_sp2 is missing from the ForceField.
    warnings.warn(msg)

mosdef_gomc/tests/test_gmso_charmm_writer.py::TestCharmmWriterData::test_save_charmm_gomc_ethyl_benzene_aa_ff
mosdef_gomc/tests/test_gmso_charmm_writer.py::TestCharmmWriterData::test_save_charmm_gomc_methyl_benzene_aa_ff
mosdef_gomc/tests/test_gmso_charmm_writer.py::TestCharmmWriterData::test_save_charmm_ethyl_benzene_aa_psf
  /home/ai8111/miniconda3/envs/mg2/lib/python3.10/site-packages/gmso/core/forcefield.py:458: UserWarning: DihedralType between atoms CH_sp2, C_sp2, CH_sp2 and HCE is missing from the ForceField.
    warnings.warn(msg)

mosdef_gomc/tests/test_gmso_charmm_writer.py::TestCharmmWriterData::test_save_charmm_gomc_ethyl_benzene_aa_ff
mosdef_gomc/tests/test_gmso_charmm_writer.py::TestCharmmWriterData::test_save_charmm_ethyl_benzene_aa_psf
  /home/ai8111/miniconda3/envs/mg2/lib/python3.10/site-packages/gmso/core/forcefield.py:458: UserWarning: DihedralType between atoms CH2_sp3, C_sp2, CH_sp2 and HCE is missing from the ForceField.
    warnings.warn(msg)

mosdef_gomc/tests/test_gmso_charmm_writer.py::TestCharmmWriterData::test_save_charmm_gomc_ethyl_benzene_aa_ff
mosdef_gomc/tests/test_gmso_charmm_writer.py::TestCharmmWriterData::test_save_charmm_gomc_methyl_benzene_aa_ff
mosdef_gomc/tests/test_gmso_charmm_writer.py::TestCharmmWriterData::test_save_charmm_ethyl_benzene_aa_psf
  /home/ai8111/miniconda3/envs/mg2/lib/python3.10/site-packages/gmso/core/forcefield.py:458: UserWarning: DihedralType between atoms CH_sp2, C_sp2, CH_sp2 and CH_sp2 is missing from the ForceField.
    warnings.warn(msg)

mosdef_gomc/tests/test_gmso_charmm_writer.py::TestCharmmWriterData::test_save_charmm_gomc_ethyl_benzene_aa_ff
mosdef_gomc/tests/test_gmso_charmm_writer.py::TestCharmmWriterData::test_save_charmm_ethyl_benzene_aa_psf
  /home/ai8111/miniconda3/envs/mg2/lib/python3.10/site-packages/gmso/core/forcefield.py:458: UserWarning: DihedralType between atoms CH_sp2, C_sp2, CH2_sp3 and CH3_sp3 is missing from the ForceField.
    warnings.warn(msg)

mosdef_gomc/tests/test_gmso_charmm_writer.py::TestCharmmWriterData::test_save_charmm_gomc_ethyl_benzene_aa_ff
mosdef_gomc/tests/test_gmso_charmm_writer.py::TestCharmmWriterData::test_save_charmm_ethyl_benzene_aa_psf
  /home/ai8111/miniconda3/envs/mg2/lib/python3.10/site-packages/gmso/core/forcefield.py:458: UserWarning: DihedralType between atoms CH_sp2, C_sp2, CH2_sp3 and HCT is missing from the ForceField.
    warnings.warn(msg)

mosdef_gomc/tests/test_gmso_charmm_writer.py::TestCharmmWriterData::test_save_charmm_gomc_ethyl_benzene_aa_ff
mosdef_gomc/tests/test_gmso_charmm_writer.py::TestCharmmWriterData::test_save_charmm_ethyl_benzene_aa_psf
  /home/ai8111/miniconda3/envs/mg2/lib/python3.10/site-packages/gmso/core/forcefield.py:458: UserWarning: DihedralType between atoms C_sp2, CH2_sp3, CH3_sp3 and HCT is missing from the ForceField.
    warnings.warn(msg)

mosdef_gomc/tests/test_gmso_charmm_writer.py::TestCharmmWriterData::test_save_charmm_gomc_ethyl_benzene_aa_ff
mosdef_gomc/tests/test_gmso_charmm_writer.py::TestCharmmWriterData::test_save_charmm_ethyl_benzene_aa_psf
  /home/ai8111/miniconda3/envs/mg2/lib/python3.10/site-packages/gmso/core/forcefield.py:458: UserWarning: DihedralType between atoms HCT, CH2_sp3, CH3_sp3 and HCT is missing from the ForceField.
    warnings.warn(msg)

mosdef_gomc/tests/test_gmso_charmm_writer.py::TestCharmmWriterData::test_save_charmm_gomc_ethyl_benzene_aa_ff
mosdef_gomc/tests/test_gmso_charmm_writer.py::TestCharmmWriterData::test_save_charmm_gomc_methyl_benzene_aa_ff
mosdef_gomc/tests/test_gmso_charmm_writer.py::TestCharmmWriterData::test_save_charmm_ethyl_benzene_aa_psf
  /home/ai8111/miniconda3/envs/mg2/lib/python3.10/site-packages/gmso/core/forcefield.py:532: UserWarning: ImproperType between atoms CH_sp2, CH_sp2, C_sp2 and HCE is missing from the ForceField.
    warnings.warn(msg)

mosdef_gomc/tests/test_gmso_charmm_writer.py::TestCharmmWriterData::test_save_charmm_gomc_ethyl_benzene_aa_ff
mosdef_gomc/tests/test_gmso_charmm_writer.py::TestCharmmWriterData::test_save_charmm_gomc_methyl_benzene_aa_ff
mosdef_gomc/tests/test_gmso_charmm_writer.py::TestCharmmWriterData::test_save_charmm_gomc_benzene_aa_ff
mosdef_gomc/tests/test_gmso_charmm_writer.py::TestCharmmWriterData::test_save_charmm_ethyl_benzene_aa_psf
  /home/ai8111/miniconda3/envs/mg2/lib/python3.10/site-packages/gmso/core/forcefield.py:532: UserWarning: ImproperType between atoms CH_sp2, CH_sp2, CH_sp2 and HCE is missing from the ForceField.
    warnings.warn(msg)

mosdef_gomc/tests/test_gmso_charmm_writer.py::TestCharmmWriterData::test_save_charmm_gomc_ethyl_benzene_aa_ff
mosdef_gomc/tests/test_gmso_charmm_writer.py::TestCharmmWriterData::test_save_charmm_ethyl_benzene_aa_psf
  /home/ai8111/miniconda3/envs/mg2/lib/python3.10/site-packages/gmso/core/forcefield.py:532: UserWarning: ImproperType between atoms C_sp2, CH_sp2, CH_sp2 and CH2_sp3 is missing from the ForceField.
    warnings.warn(msg)

mosdef_gomc/tests/test_gmso_charmm_writer.py::TestCharmmWriterData::test_save_charmm_gomc_ethyl_benzene_aa_ff
mosdef_gomc/tests/test_gmso_charmm_writer.py::TestCharmmWriterData::test_save_charmm_ethyl_benzene_aa_psf
  /home/ai8111/miniconda3/envs/mg2/lib/python3.10/site-packages/gmso/core/forcefield.py:532: UserWarning: ImproperType between atoms CH2_sp3, C_sp2, CH3_sp3 and HCT is missing from the ForceField.
    warnings.warn(msg)

mosdef_gomc/tests/test_gmso_charmm_writer.py::TestCharmmWriterData::test_save_charmm_gomc_ethyl_benzene_aa_ff
mosdef_gomc/tests/test_gmso_charmm_writer.py::TestCharmmWriterData::test_save_charmm_ethyl_benzene_aa_psf
  /home/ai8111/miniconda3/envs/mg2/lib/python3.10/site-packages/gmso/core/forcefield.py:532: UserWarning: ImproperType between atoms CT, CE, CT and HCT is missing from the ForceField.
    warnings.warn(msg)

mosdef_gomc/tests/test_gmso_charmm_writer.py::TestCharmmWriterData::test_save_charmm_gomc_ethyl_benzene_aa_ff
mosdef_gomc/tests/test_gmso_charmm_writer.py::TestCharmmWriterData::test_save_charmm_ethyl_benzene_aa_psf
  /home/ai8111/miniconda3/envs/mg2/lib/python3.10/site-packages/gmso/core/forcefield.py:532: UserWarning: ImproperType between atoms CH2_sp3, C_sp2, HCT and HCT is missing from the ForceField.
    warnings.warn(msg)

mosdef_gomc/tests/test_gmso_charmm_writer.py::TestCharmmWriterData::test_save_charmm_gomc_ethyl_benzene_aa_ff
mosdef_gomc/tests/test_gmso_charmm_writer.py::TestCharmmWriterData::test_save_charmm_gomc_methyl_benzene_aa_ff
mosdef_gomc/tests/test_gmso_charmm_writer.py::TestCharmmWriterData::test_save_charmm_ethyl_benzene_aa_psf
  /home/ai8111/miniconda3/envs/mg2/lib/python3.10/site-packages/gmso/core/forcefield.py:532: UserWarning: ImproperType between atoms CT, CE, HCT and HCT is missing from the ForceField.
    warnings.warn(msg)

mosdef_gomc/tests/test_gmso_charmm_writer.py::TestCharmmWriterData::test_save_charmm_gomc_ethyl_benzene_aa_ff
mosdef_gomc/tests/test_gmso_charmm_writer.py::TestCharmmWriterData::test_save_charmm_ethyl_benzene_aa_psf
  /home/ai8111/miniconda3/envs/mg2/lib/python3.10/site-packages/gmso/core/forcefield.py:532: UserWarning: ImproperType between atoms CH2_sp3, CH3_sp3, HCT and HCT is missing from the ForceField.
    warnings.warn(msg)

mosdef_gomc/tests/test_gmso_charmm_writer.py::TestCharmmWriterData::test_save_charmm_gomc_ethyl_benzene_aa_ff
mosdef_gomc/tests/test_gmso_charmm_writer.py::TestCharmmWriterData::test_save_charmm_ethyl_benzene_aa_psf
  /home/ai8111/miniconda3/envs/mg2/lib/python3.10/site-packages/gmso/core/forcefield.py:532: UserWarning: ImproperType between atoms CT, CT, HCT and HCT is missing from the ForceField.
    warnings.warn(msg)

mosdef_gomc/tests/test_gmso_charmm_writer.py::TestCharmmWriterData::test_save_charmm_gomc_ethyl_benzene_aa_ff
mosdef_gomc/tests/test_gmso_charmm_writer.py::TestCharmmWriterData::test_save_charmm_ethyl_benzene_aa_psf
  /home/ai8111/miniconda3/envs/mg2/lib/python3.10/site-packages/gmso/core/forcefield.py:532: UserWarning: ImproperType between atoms CH3_sp3, CH2_sp3, HCT and HCT is missing from the ForceField.
    warnings.warn(msg)

mosdef_gomc/tests/test_gmso_charmm_writer.py::TestCharmmWriterData::test_save_charmm_gomc_ethyl_benzene_aa_ff
mosdef_gomc/tests/test_gmso_charmm_writer.py::TestCharmmWriterData::test_save_charmm_gomc_methyl_benzene_aa_ff
mosdef_gomc/tests/test_gmso_charmm_writer.py::TestCharmmWriterData::test_save_charmm_ethyl_benzene_aa_psf
  /home/ai8111/miniconda3/envs/mg2/lib/python3.10/site-packages/gmso/core/forcefield.py:532: UserWarning: ImproperType between atoms CH3_sp3, HCT, HCT and HCT is missing from the ForceField.
    warnings.warn(msg)

mosdef_gomc/tests/test_gmso_charmm_writer.py::TestCharmmWriterData::test_save_charmm_gomc_ethyl_benzene_aa_ff
mosdef_gomc/tests/test_gmso_charmm_writer.py::TestCharmmWriterData::test_save_charmm_gomc_methyl_benzene_aa_ff
mosdef_gomc/tests/test_gmso_charmm_writer.py::TestCharmmWriterData::test_save_charmm_ethyl_benzene_aa_psf
  /home/ai8111/miniconda3/envs/mg2/lib/python3.10/site-packages/gmso/core/forcefield.py:532: UserWarning: ImproperType between atoms CT, HCT, HCT and HCT is missing from the ForceField.
    warnings.warn(msg)

mosdef_gomc/tests/test_gmso_charmm_writer.py::TestCharmmWriterData::test_save_charmm_gomc_ethyl_benzene_aa_ff
mosdef_gomc/tests/test_gmso_charmm_writer.py::TestCharmmWriterData::test_save_charmm_ethyl_benzene_aa_psf
  /home/ai8111/mosdef/MoSDeF-GOMC/mosdef_gomc/formats/gmso_charmm_writer.py:1946: UserWarning: System is not charge neutral for structure_box_0. Total charge is 0.5700000000000001.
    warn(

mosdef_gomc/tests/test_gmso_charmm_writer.py::TestCharmmWriterData::test_save_charmm_gomc_methyl_benzene_aa_ff
  /home/ai8111/miniconda3/envs/mg2/lib/python3.10/site-packages/gmso/core/forcefield.py:366: UserWarning: BondType between atoms C_sp2 and CH3_sp3 is missing from the ForceField
    warnings.warn(msg)

mosdef_gomc/tests/test_gmso_charmm_writer.py::TestCharmmWriterData::test_save_charmm_gomc_methyl_benzene_aa_ff
  /home/ai8111/miniconda3/envs/mg2/lib/python3.10/site-packages/gmso/core/forcefield.py:397: UserWarning: AngleType between atoms CH_sp2, C_sp2 and CH3_sp3 is missing from the ForceField
    warnings.warn(msg)

mosdef_gomc/tests/test_gmso_charmm_writer.py::TestCharmmWriterData::test_save_charmm_gomc_methyl_benzene_aa_ff
  /home/ai8111/miniconda3/envs/mg2/lib/python3.10/site-packages/gmso/core/forcefield.py:397: UserWarning: AngleType between atoms C_sp2, CH3_sp3 and HCT is missing from the ForceField
    warnings.warn(msg)

mosdef_gomc/tests/test_gmso_charmm_writer.py::TestCharmmWriterData::test_save_charmm_gomc_methyl_benzene_aa_ff
  /home/ai8111/miniconda3/envs/mg2/lib/python3.10/site-packages/gmso/core/forcefield.py:458: UserWarning: DihedralType between atoms CH_sp2, CH_sp2, C_sp2 and CH3_sp3 is missing from the ForceField.
    warnings.warn(msg)

mosdef_gomc/tests/test_gmso_charmm_writer.py::TestCharmmWriterData::test_save_charmm_gomc_methyl_benzene_aa_ff
  /home/ai8111/miniconda3/envs/mg2/lib/python3.10/site-packages/gmso/core/forcefield.py:458: UserWarning: DihedralType between atoms CH3_sp3, C_sp2, CH_sp2 and HCE is missing from the ForceField.
    warnings.warn(msg)

mosdef_gomc/tests/test_gmso_charmm_writer.py::TestCharmmWriterData::test_save_charmm_gomc_methyl_benzene_aa_ff
  /home/ai8111/miniconda3/envs/mg2/lib/python3.10/site-packages/gmso/core/forcefield.py:458: UserWarning: DihedralType between atoms CH_sp2, C_sp2, CH3_sp3 and HCT is missing from the ForceField.
    warnings.warn(msg)

mosdef_gomc/tests/test_gmso_charmm_writer.py::TestCharmmWriterData::test_save_charmm_gomc_methyl_benzene_aa_ff
  /home/ai8111/miniconda3/envs/mg2/lib/python3.10/site-packages/gmso/core/forcefield.py:532: UserWarning: ImproperType between atoms C_sp2, CH_sp2, CH_sp2 and CH3_sp3 is missing from the ForceField.
    warnings.warn(msg)

mosdef_gomc/tests/test_gmso_charmm_writer.py::TestCharmmWriterData::test_save_charmm_gomc_methyl_benzene_aa_ff
  /home/ai8111/miniconda3/envs/mg2/lib/python3.10/site-packages/gmso/core/forcefield.py:532: UserWarning: ImproperType between atoms CH3_sp3, C_sp2, HCT and HCT is missing from the ForceField.
    warnings.warn(msg)

mosdef_gomc/tests/test_gmso_charmm_writer.py::TestCharmmWriterData::test_save_charmm_gomc_methyl_benzene_aa_ff
  /home/ai8111/mosdef/MoSDeF-GOMC/mosdef_gomc/formats/gmso_charmm_writer.py:1946: UserWarning: System is not charge neutral for structure_box_0. Total charge is 0.43999999999999995.
    warn(

mosdef_gomc/tests/test_gmso_charmm_writer.py::TestCharmmWriterData::test_save_charmm_gomc_benzene_aa_ff
  /home/ai8111/mosdef/MoSDeF-GOMC/mosdef_gomc/formats/gmso_charmm_writer.py:1946: UserWarning: System is not charge neutral for structure_box_0. Total charge is 0.3.
    warn(

mosdef_gomc/tests/test_gmso_charmm_writer.py::TestCharmmWriterData::test_save_charmm_ua_gomc_ff
  /home/ai8111/miniconda3/envs/mg2/lib/python3.10/site-packages/mbuild/conversion.py:2054: UserWarning: No element attribute associated with '<_CH3 pos=([ 0.1999 -0.0032  0.002 ]), 1 bonds, id: 140426413158800>'; and no matching elements found based upon the compound name. Setting atomic number to zero.
    warn(warn_msg)

mosdef_gomc/tests/test_gmso_charmm_writer.py::TestCharmmWriterData::test_save_charmm_ua_gomc_ff
  /home/ai8111/miniconda3/envs/mg2/lib/python3.10/site-packages/mbuild/conversion.py:2054: UserWarning: No element attribute associated with '<_HC pos=([0.3045 0.0021 0.0036]), 3 bonds, id: 140426413151360>'; and no matching elements found based upon the compound name. Setting atomic number to zero.
    warn(warn_msg)

mosdef_gomc/tests/test_gmso_charmm_writer.py: 68 warnings
  /home/ai8111/miniconda3/envs/mg2/lib/python3.10/site-packages/foyer/forcefield.py:665: UserWarning: Non-atomistic element type detected. Creating custom element for _CH4
    warnings.warn(

mosdef_gomc/tests/test_gmso_charmm_writer.py: 68 warnings
  /home/ai8111/miniconda3/envs/mg2/lib/python3.10/site-packages/foyer/forcefield.py:665: UserWarning: Non-atomistic element type detected. Creating custom element for _CH3
    warnings.warn(

mosdef_gomc/tests/test_gmso_charmm_writer.py: 68 warnings
  /home/ai8111/miniconda3/envs/mg2/lib/python3.10/site-packages/foyer/forcefield.py:665: UserWarning: Non-atomistic element type detected. Creating custom element for _CH2
    warnings.warn(

mosdef_gomc/tests/test_gmso_charmm_writer.py: 68 warnings
  /home/ai8111/miniconda3/envs/mg2/lib/python3.10/site-packages/foyer/forcefield.py:665: UserWarning: Non-atomistic element type detected. Creating custom element for _HC
    warnings.warn(

mosdef_gomc/tests/test_gmso_charmm_writer.py: 68 warnings
  /home/ai8111/miniconda3/envs/mg2/lib/python3.10/site-packages/foyer/forcefield.py:349: UserWarning: Parameters have not been assigned to all impropers. Total system impropers: 1, Parameterized impropers: 0. Note that if your system contains torsions of Ryckaert-Bellemans functional form, all of these torsions are processed as propers
    warnings.warn(msg)

mosdef_gomc/tests/test_gmso_charmm_writer.py::TestCharmmWriterData::test_save_charmm_ua_gomc_ff
  /home/ai8111/miniconda3/envs/mg2/lib/python3.10/site-packages/mbuild/conversion.py:2054: UserWarning: No element attribute associated with '<_CH3 pos=([ 0.2946  0.024  -0.0371]), 1 bonds, id: 140426413158800>'; and no matching elements found based upon the compound name. Setting atomic number to zero.
    warn(warn_msg)

mosdef_gomc/tests/test_gmso_charmm_writer.py::TestCharmmWriterData::test_save_charmm_ua_gomc_ff
  /home/ai8111/miniconda3/envs/mg2/lib/python3.10/site-packages/mbuild/conversion.py:2054: UserWarning: No element attribute associated with '<_HC pos=([0.4317 0.0181 0.0328]), 3 bonds, id: 140426413151360>'; and no matching elements found based upon the compound name. Setting atomic number to zero.
    warn(warn_msg)

mosdef_gomc/tests/test_gmso_charmm_writer.py: 72 warnings
  /home/ai8111/miniconda3/envs/mg2/lib/python3.10/site-packages/mbuild/formats/xyz.py:70: UserWarning: No matching element found for EP; the particle will be added to the compound without an element attribute.
    warn(

mosdef_gomc/tests/test_gmso_charmm_writer.py: 19 warnings
  /home/ai8111/miniconda3/envs/mg2/lib/python3.10/site-packages/forcefield_utilities/foyer_xml.py:360: UserWarning: Tag <cyfunction Comment at 0x7fb7af08f030> not understood skipping
    warnings.warn(

mosdef_gomc/tests/test_gmso_charmm_writer.py: 47 warnings
  /home/ai8111/miniconda3/envs/mg2/lib/python3.10/site-packages/gmso/core/forcefield.py:366: UserWarning: BondType between atoms CH3_sp3 and CH_O is missing from the ForceField
    warnings.warn(msg)

mosdef_gomc/tests/test_gmso_charmm_writer.py: 47 warnings
  /home/ai8111/miniconda3/envs/mg2/lib/python3.10/site-packages/gmso/core/forcefield.py:366: UserWarning: BondType between atoms CH_O and CH3_sp3 is missing from the ForceField
    warnings.warn(msg)

mosdef_gomc/tests/test_gmso_charmm_writer.py: 48 warnings
  /home/ai8111/miniconda3/envs/mg2/lib/python3.10/site-packages/gmso/core/forcefield.py:366: UserWarning: BondType between atoms CH_O and O is missing from the ForceField
    warnings.warn(msg)

mosdef_gomc/tests/test_gmso_charmm_writer.py: 48 warnings
  /home/ai8111/miniconda3/envs/mg2/lib/python3.10/site-packages/gmso/core/forcefield.py:397: UserWarning: AngleType between atoms CH3_sp3, CH_O and O is missing from the ForceField
    warnings.warn(msg)

mosdef_gomc/tests/test_gmso_charmm_writer.py: 47 warnings
  /home/ai8111/miniconda3/envs/mg2/lib/python3.10/site-packages/gmso/core/forcefield.py:397: UserWarning: AngleType between atoms CH3_sp3, CH_O and CH3_sp3 is missing from the ForceField
    warnings.warn(msg)

mosdef_gomc/tests/test_gmso_charmm_writer.py: 48 warnings
  /home/ai8111/miniconda3/envs/mg2/lib/python3.10/site-packages/gmso/core/forcefield.py:397: UserWarning: AngleType between atoms O, CH_O and CH3_sp3 is missing from the ForceField
    warnings.warn(msg)

mosdef_gomc/tests/test_gmso_charmm_writer.py: 48 warnings
  /home/ai8111/miniconda3/envs/mg2/lib/python3.10/site-packages/gmso/core/forcefield.py:397: UserWarning: AngleType between atoms CH_O, O and H is missing from the ForceField
    warnings.warn(msg)

mosdef_gomc/tests/test_gmso_charmm_writer.py: 48 warnings
  /home/ai8111/miniconda3/envs/mg2/lib/python3.10/site-packages/gmso/core/forcefield.py:458: UserWarning: DihedralType between atoms CH3_sp3, CH_O, O and H is missing from the ForceField.
    warnings.warn(msg)

mosdef_gomc/tests/test_gmso_charmm_writer.py: 48 warnings
  /home/ai8111/miniconda3/envs/mg2/lib/python3.10/site-packages/gmso/core/forcefield.py:458: UserWarning: DihedralType between atoms H, O, CH_O and CH3_sp3 is missing from the ForceField.
    warnings.warn(msg)

mosdef_gomc/tests/test_gmso_charmm_writer.py: 47 warnings
  /home/ai8111/miniconda3/envs/mg2/lib/python3.10/site-packages/gmso/core/forcefield.py:532: UserWarning: ImproperType between atoms CH_O, CH3_sp3, O and CH3_sp3 is missing from the ForceField.
    warnings.warn(msg)

mosdef_gomc/tests/test_gmso_charmm_writer.py: 43 warnings
  /home/ai8111/miniconda3/envs/mg2/lib/python3.10/site-packages/gmso/core/forcefield.py:532: UserWarning: ImproperType between atoms CH, CH3, O and CH3 is missing from the ForceField.
    warnings.warn(msg)

mosdef_gomc/tests/test_gmso_charmm_writer.py: 19 warnings
  /home/ai8111/mosdef/MoSDeF-GOMC/mosdef_gomc/formats/gmso_charmm_writer.py:571: UserWarning: NOTE: All bead names were not found in the Bead to atom naming dictionary (bead_to_atom_name_dict) 
    warn(

mosdef_gomc/tests/test_gmso_charmm_writer.py::TestCharmmWriterData::test_save_charmm_ua_atom_data_psf
  /home/ai8111/miniconda3/envs/mg2/lib/python3.10/site-packages/mbuild/conversion.py:2054: UserWarning: No element attribute associated with '<_CH3 pos=([0.1992 0.003  0.0038]), 1 bonds, id: 140426399028160>'; and no matching elements found based upon the compound name. Setting atomic number to zero.
    warn(warn_msg)

mosdef_gomc/tests/test_gmso_charmm_writer.py::TestCharmmWriterData::test_save_charmm_ua_atom_data_psf
  /home/ai8111/miniconda3/envs/mg2/lib/python3.10/site-packages/mbuild/conversion.py:2054: UserWarning: No element attribute associated with '<_HC pos=([ 2.9780e-01  2.8973e-03 -1.4512e-04]), 3 bonds, id: 140426399038432>'; and no matching elements found based upon the compound name. Setting atomic number to zero.
    warn(warn_msg)

mosdef_gomc/tests/test_gmso_charmm_writer.py::TestCharmmWriterData::test_save_charmm_ua_atom_data_psf
  /home/ai8111/miniconda3/envs/mg2/lib/python3.10/site-packages/mbuild/conversion.py:2054: UserWarning: No element attribute associated with '<_CH3 pos=([0.2945 0.0197 0.0407]), 1 bonds, id: 140426399028160>'; and no matching elements found based upon the compound name. Setting atomic number to zero.
    warn(warn_msg)

mosdef_gomc/tests/test_gmso_charmm_writer.py::TestCharmmWriterData::test_save_charmm_ua_atom_data_psf
  /home/ai8111/miniconda3/envs/mg2/lib/python3.10/site-packages/mbuild/conversion.py:2054: UserWarning: No element attribute associated with '<_HC pos=([ 0.4306  0.0187 -0.0314]), 3 bonds, id: 140426399038432>'; and no matching elements found based upon the compound name. Setting atomic number to zero.
    warn(warn_msg)

mosdef_gomc/tests/test_gmso_charmm_writer.py::TestCharmmWriterData::test_save_charmm_ua_pdb
  /home/ai8111/miniconda3/envs/mg2/lib/python3.10/site-packages/mbuild/conversion.py:2054: UserWarning: No element attribute associated with '<_CH3 pos=([ 0.2019 -0.001   0.0017]), 1 bonds, id: 140426425757664>'; and no matching elements found based upon the compound name. Setting atomic number to zero.
    warn(warn_msg)

mosdef_gomc/tests/test_gmso_charmm_writer.py::TestCharmmWriterData::test_save_charmm_ua_pdb
  /home/ai8111/miniconda3/envs/mg2/lib/python3.10/site-packages/mbuild/conversion.py:2054: UserWarning: No element attribute associated with '<_HC pos=([0.3026 0.0043 0.003 ]), 3 bonds, id: 140426425750416>'; and no matching elements found based upon the compound name. Setting atomic number to zero.
    warn(warn_msg)

mosdef_gomc/tests/test_gmso_charmm_writer.py::TestCharmmWriterData::test_save_charmm_ua_pdb
[...]
mosdef_gomc/tests/test_gmso_charmm_writer.py::TestCharmmWriterData::test_write_inp_zeolite_non_othoganol_water_box_0_altered_under_hood
  /home/ai8111/miniconda3/envs/mg2/lib/python3.10/site-packages/mbuild/compound.py:999: UserWarning: The Compound you are adding has a box. The box of the parent compound will be used. Use inherit_box = True if you wish to replace the parent compound box with that of Compound being added.
    warn(

mosdef_gomc/tests/test_gmso_charmm_writer.py::TestCharmmWriterData::test_write_inp_zeolite_non_othoganol_water_zeolite_level_group
mosdef_gomc/tests/test_gmso_charmm_writer.py::TestCharmmWriterData::test_write_inp_zeolite_non_othoganol_water_box_0_altered_under_hood
  /home/ai8111/miniconda3/envs/mg2/lib/python3.10/site-packages/mbuild/compound.py:1012: UserWarning: After adding new Compound, Compound.box.lengths < Compound.boundingbox.lengths. There may be particles outside of the defined simulation box
    warn(

mosdef_gomc/tests/test_gmso_charmm_writer.py::TestCharmmWriterData::test_write_inp_zeolite_non_othoganol_water_zeolite_level_group
  /home/ai8111/miniconda3/envs/mg2/lib/python3.10/site-packages/gmso/external/convert_mbuild.py:365: UserWarning: Not all custom groups (['WAT', 'ETV'], is are being used when
              traversing compound hierachy. Only {'WAT'} are used.)
    warn(

mosdef_gomc/tests/test_gmso_charmm_writer.py::TestCharmmWriterData::test_write_inp_zeolite_non_othoganol_water_zeolite_level_group
  /home/ai8111/mosdef/MoSDeF-GOMC/mosdef_gomc/utils/gmso_specific_ff_to_residue.py:596: UserWarning: WARNING: The ETV residues were not used from the forcefield_selection string or dictionary. All the residues were not used from the forcefield_selection string or dictionary. There may be residues below other specified residues in the mbuild.Compound hierarchy. If so, all the highest listed residues pass down the force fields through the hierarchy. Alternatively, residues that are not in the structure may have been specified. NOTE: This warning will appear if you are using the CHARMM pdb and psf writers 2 boxes, and the boxes do not contain all the residues in each box.
    warn(

mosdef_gomc/tests/test_gmso_charmm_writer.py: 12 warnings
  /home/ai8111/miniconda3/envs/mg2/lib/python3.10/site-packages/pydantic/main.py:176: DeprecationWarning: Conversion of an array with ndim > 0 to a scalar is deprecated, and will error in future. Ensure you extract a single element from your array before performing this operation. (Deprecated NumPy 1.25.)
    self.__pydantic_validator__.validate_python(data, self_instance=self)

mosdef_gomc/tests/test_gmso_charmm_writer.py::TestCharmmWriterData::test_Exp6_Rmin_to_sigma_solver_failing_values_large_alpha
  /home/ai8111/mosdef/MoSDeF-GOMC/mosdef_gomc/formats/gmso_charmm_writer.py:283: RuntimeWarning: overflow encountered in exp
    * (6 / alpha * np.exp(alpha * (1 - sigma / Rmin)) - (Rmin / sigma) ** 6)

mosdef_gomc/tests/test_gmso_charmm_writer.py::TestCharmmWriterData::test_Exp6_sigma_to_Rmin_solver_failing_values_Rmin_greater_than_sigma
  /home/ai8111/mosdef/MoSDeF-GOMC/mosdef_gomc/formats/gmso_charmm_writer.py:372: RuntimeWarning: overflow encountered in exp
    * (6 / alpha * np.exp(alpha * (1 - sigma / Rmin)) - (Rmin / sigma) ** 6)

mosdef_gomc/tests/test_gmso_charmm_writer.py::TestCharmmWriterData::test_save_Exp6_gomc_ff
  /home/ai8111/miniconda3/envs/mg2/lib/python3.10/site-packages/mbuild/conversion.py:2054: UserWarning: No element attribute associated with '<_CH3 pos=([0.17 0.   0.  ]), 1 bonds, id: 140426416766208>'; and no matching elements found based upon the compound name. Setting atomic number to zero.
    warn(warn_msg)

mosdef_gomc/tests/test_gmso_charmm_writer.py::TestCharmmWriterData::test_save_Exp6_gomc_ff
  /home/ai8111/miniconda3/envs/mg2/lib/python3.10/site-packages/mbuild/conversion.py:2054: UserWarning: No element attribute associated with '<_CH2 pos=([ 2.7000e-01  4.5970e-18 -4.1633e-18]), 2 bonds, id: 140426416753776>'; and no matching elements found based upon the compound name. Setting atomic number to zero.
    warn(warn_msg)

mosdef_gomc/tests/test_gmso_charmm_writer.py::TestCharmmWriterData::test_save_Exp6_gomc_ff
mosdef_gomc/tests/test_gmso_charmm_writer.py::TestCharmmWriterData::test_save_Exp6_eqn_times_2_gomc_ff
mosdef_gomc/tests/test_gmso_charmm_writer.py::TestCharmmWriterData::test_tabulated_potential_writer
  /home/ai8111/miniconda3/envs/mg2/lib/python3.10/site-packages/gmso/core/forcefield.py:366: UserWarning: BondType between atoms CH3_sp3 and CH2_sp3 is missing from the ForceField
    warnings.warn(msg)

mosdef_gomc/tests/test_gmso_charmm_writer.py::TestCharmmWriterData::test_save_Exp6_gomc_ff
mosdef_gomc/tests/test_gmso_charmm_writer.py::TestCharmmWriterData::test_save_Exp6_eqn_times_2_gomc_ff
mosdef_gomc/tests/test_gmso_charmm_writer.py::TestCharmmWriterData::test_tabulated_potential_writer
  /home/ai8111/miniconda3/envs/mg2/lib/python3.10/site-packages/gmso/core/forcefield.py:366: UserWarning: BondType between atoms CH2_sp3 and CH2_sp3 is missing from the ForceField
    warnings.warn(msg)

mosdef_gomc/tests/test_gmso_charmm_writer.py::TestCharmmWriterData::test_save_Exp6_gomc_ff
mosdef_gomc/tests/test_gmso_charmm_writer.py::TestCharmmWriterData::test_save_Exp6_eqn_times_2_gomc_ff
mosdef_gomc/tests/test_gmso_charmm_writer.py::TestCharmmWriterData::test_tabulated_potential_writer
  /home/ai8111/miniconda3/envs/mg2/lib/python3.10/site-packages/gmso/core/forcefield.py:397: UserWarning: AngleType between atoms CH3_sp3, CH2_sp3 and CH2_sp3 is missing from the ForceField
    warnings.warn(msg)

mosdef_gomc/tests/test_gmso_charmm_writer.py::TestCharmmWriterData::test_save_Exp6_gomc_ff
mosdef_gomc/tests/test_gmso_charmm_writer.py::TestCharmmWriterData::test_save_Exp6_eqn_times_2_gomc_ff
  /home/ai8111/miniconda3/envs/mg2/lib/python3.10/site-packages/gmso/core/forcefield.py:397: UserWarning: AngleType between atoms CH2_sp3, CH2_sp3 and CH2_sp3 is missing from the ForceField
    warnings.warn(msg)

mosdef_gomc/tests/test_gmso_charmm_writer.py::TestCharmmWriterData::test_save_Exp6_gomc_ff
mosdef_gomc/tests/test_gmso_charmm_writer.py::TestCharmmWriterData::test_save_Exp6_eqn_times_2_gomc_ff
mosdef_gomc/tests/test_gmso_charmm_writer.py::TestCharmmWriterData::test_tabulated_potential_writer
  /home/ai8111/miniconda3/envs/mg2/lib/python3.10/site-packages/gmso/core/forcefield.py:397: UserWarning: AngleType between atoms CH2_sp3, CH2_sp3 and CH3_sp3 is missing from the ForceField
    warnings.warn(msg)

mosdef_gomc/tests/test_gmso_charmm_writer.py::TestCharmmWriterData::test_save_Exp6_gomc_ff
mosdef_gomc/tests/test_gmso_charmm_writer.py::TestCharmmWriterData::test_save_Exp6_eqn_times_2_gomc_ff
  /home/ai8111/miniconda3/envs/mg2/lib/python3.10/site-packages/gmso/core/forcefield.py:458: UserWarning: DihedralType between atoms CH3_sp3, CH2_sp3, CH2_sp3 and CH2_sp3 is missing from the ForceField.
    warnings.warn(msg)

mosdef_gomc/tests/test_gmso_charmm_writer.py::TestCharmmWriterData::test_save_Exp6_gomc_ff
mosdef_gomc/tests/test_gmso_charmm_writer.py::TestCharmmWriterData::test_save_Exp6_eqn_times_2_gomc_ff
  /home/ai8111/miniconda3/envs/mg2/lib/python3.10/site-packages/gmso/core/forcefield.py:458: UserWarning: DihedralType between atoms CH2_sp3, CH2_sp3, CH2_sp3 and CH2_sp3 is missing from the ForceField.
    warnings.warn(msg)

mosdef_gomc/tests/test_gmso_charmm_writer.py::TestCharmmWriterData::test_save_Exp6_gomc_ff
mosdef_gomc/tests/test_gmso_charmm_writer.py::TestCharmmWriterData::test_save_Exp6_eqn_times_2_gomc_ff
  /home/ai8111/miniconda3/envs/mg2/lib/python3.10/site-packages/gmso/core/forcefield.py:458: UserWarning: DihedralType between atoms CH2_sp3, CH2_sp3, CH2_sp3 and CH3_sp3 is missing from the ForceField.
    warnings.warn(msg)

mosdef_gomc/tests/test_gmso_charmm_writer.py::TestCharmmWriterData::test_save_Exp6_eqn_times_2_gomc_ff
  /home/ai8111/miniconda3/envs/mg2/lib/python3.10/site-packages/mbuild/conversion.py:2054: UserWarning: No element attribute associated with '<_CH3 pos=([0.17 0.   0.  ]), 1 bonds, id: 140426409586608>'; and no matching elements found based upon the compound name. Setting atomic number to zero.
    warn(warn_msg)

mosdef_gomc/tests/test_gmso_charmm_writer.py::TestCharmmWriterData::test_save_Exp6_eqn_times_2_gomc_ff
  /home/ai8111/miniconda3/envs/mg2/lib/python3.10/site-packages/mbuild/conversion.py:2054: UserWarning: No element attribute associated with '<_CH2 pos=([ 2.7000e-01  4.5970e-18 -4.1633e-18]), 2 bonds, id: 140426409575568>'; and no matching elements found based upon the compound name. Setting atomic number to zero.
    warn(warn_msg)

mosdef_gomc/tests/test_gmso_charmm_writer.py::TestCharmmWriterData::test_save_charmm_Mie_eqn_times_2
  /home/ai8111/miniconda3/envs/mg2/lib/python3.10/site-packages/mbuild/conversion.py:2054: UserWarning: No element attribute associated with '<_CH3 pos=([ 0.1989  0.0019 -0.0029]), 1 bonds, id: 140426345630256>'; and no matching elements found based upon the compound name. Setting atomic number to zero.
    warn(warn_msg)

mosdef_gomc/tests/test_gmso_charmm_writer.py::TestCharmmWriterData::test_save_charmm_Mie_eqn_times_2
  /home/ai8111/miniconda3/envs/mg2/lib/python3.10/site-packages/mbuild/conversion.py:2054: UserWarning: No element attribute associated with '<_HC pos=([3.0150e-01 2.8529e-04 1.8750e-03]), 3 bonds, id: 140426345634000>'; and no matching elements found based upon the compound name. Setting atomic number to zero.
    warn(warn_msg)

mosdef_gomc/tests/test_gmso_charmm_writer.py::TestCharmmWriterData::test_save_charmm_Mie_eqn_times_2
  /home/ai8111/miniconda3/envs/mg2/lib/python3.10/site-packages/mbuild/conversion.py:2054: UserWarning: No element attribute associated with '<_CH3 pos=([ 0.2925  0.0145 -0.0379]), 1 bonds, id: 140426345630256>'; and no matching elements found based upon the compound name. Setting atomic number to zero.
    warn(warn_msg)

mosdef_gomc/tests/test_gmso_charmm_writer.py::TestCharmmWriterData::test_save_charmm_Mie_eqn_times_2
  /home/ai8111/miniconda3/envs/mg2/lib/python3.10/site-packages/mbuild/conversion.py:2054: UserWarning: No element attribute associated with '<_HC pos=([0.4286 0.0142 0.0342]), 3 bonds, id: 140426345634000>'; and no matching elements found based upon the compound name. Setting atomic number to zero.
    warn(warn_msg)

mosdef_gomc/tests/test_gmso_charmm_writer.py::TestCharmmWriterData::test_save_amber_aa_butane_with_fake_improper_gmso_ff
  /home/ai8111/miniconda3/envs/mg2/lib/python3.10/site-packages/gmso/core/forcefield.py:366: UserWarning: BondType between atoms C_CTH3 and C_CTH2 is missing from the ForceField
    warnings.warn(msg)

mosdef_gomc/tests/test_gmso_charmm_writer.py::TestCharmmWriterData::test_save_amber_aa_butane_with_fake_improper_gmso_ff
  /home/ai8111/miniconda3/envs/mg2/lib/python3.10/site-packages/gmso/core/forcefield.py:366: UserWarning: BondType between atoms C_CTH3 and H_CTH3 is missing from the ForceField
    warnings.warn(msg)

mosdef_gomc/tests/test_gmso_charmm_writer.py::TestCharmmWriterData::test_save_amber_aa_butane_with_fake_improper_gmso_ff
  /home/ai8111/miniconda3/envs/mg2/lib/python3.10/site-packages/gmso/core/forcefield.py:366: UserWarning: BondType between atoms C_CTH2 and C_CTH2 is missing from the ForceField
    warnings.warn(msg)

mosdef_gomc/tests/test_gmso_charmm_writer.py::TestCharmmWriterData::test_save_amber_aa_butane_with_fake_improper_gmso_ff
  /home/ai8111/miniconda3/envs/mg2/lib/python3.10/site-packages/gmso/core/forcefield.py:366: UserWarning: BondType between atoms C_CTH2 and H_CTH2 is missing from the ForceField
    warnings.warn(msg)

mosdef_gomc/tests/test_gmso_charmm_writer.py::TestCharmmWriterData::test_save_amber_aa_butane_with_fake_improper_gmso_ff
  /home/ai8111/miniconda3/envs/mg2/lib/python3.10/site-packages/gmso/core/forcefield.py:366: UserWarning: BondType between atoms C_CTH2 and C_CTH3 is missing from the ForceField
    warnings.warn(msg)

mosdef_gomc/tests/test_gmso_charmm_writer.py::TestCharmmWriterData::test_save_amber_aa_butane_with_fake_improper_gmso_ff
  /home/ai8111/miniconda3/envs/mg2/lib/python3.10/site-packages/gmso/core/forcefield.py:397: UserWarning: AngleType between atoms C_CTH2, C_CTH3 and H_CTH3 is missing from the ForceField
    warnings.warn(msg)

mosdef_gomc/tests/test_gmso_charmm_writer.py::TestCharmmWriterData::test_save_amber_aa_butane_with_fake_improper_gmso_ff
  /home/ai8111/miniconda3/envs/mg2/lib/python3.10/site-packages/gmso/core/forcefield.py:397: UserWarning: AngleType between atoms H_CTH3, C_CTH3 and H_CTH3 is missing from the ForceField
    warnings.warn(msg)

mosdef_gomc/tests/test_gmso_charmm_writer.py::TestCharmmWriterData::test_save_amber_aa_butane_with_fake_improper_gmso_ff
  /home/ai8111/miniconda3/envs/mg2/lib/python3.10/site-packages/gmso/core/forcefield.py:397: UserWarning: AngleType between atoms C_CTH3, C_CTH2 and C_CTH2 is missing from the ForceField
    warnings.warn(msg)

mosdef_gomc/tests/test_gmso_charmm_writer.py::TestCharmmWriterData::test_save_amber_aa_butane_with_fake_improper_gmso_ff
  /home/ai8111/miniconda3/envs/mg2/lib/python3.10/site-packages/gmso/core/forcefield.py:397: UserWarning: AngleType between atoms C_CTH3, C_CTH2 and H_CTH2 is missing from the ForceField
    warnings.warn(msg)

mosdef_gomc/tests/test_gmso_charmm_writer.py::TestCharmmWriterData::test_save_amber_aa_butane_with_fake_improper_gmso_ff
  /home/ai8111/miniconda3/envs/mg2/lib/python3.10/site-packages/gmso/core/forcefield.py:397: UserWarning: AngleType between atoms C_CTH2, C_CTH2 and H_CTH2 is missing from the ForceField
    warnings.warn(msg)

mosdef_gomc/tests/test_gmso_charmm_writer.py::TestCharmmWriterData::test_save_amber_aa_butane_with_fake_improper_gmso_ff
  /home/ai8111/miniconda3/envs/mg2/lib/python3.10/site-packages/gmso/core/forcefield.py:397: UserWarning: AngleType between atoms H_CTH2, C_CTH2 and H_CTH2 is missing from the ForceField
    warnings.warn(msg)

mosdef_gomc/tests/test_gmso_charmm_writer.py::TestCharmmWriterData::test_save_amber_aa_butane_with_fake_improper_gmso_ff
  /home/ai8111/miniconda3/envs/mg2/lib/python3.10/site-packages/gmso/core/forcefield.py:397: UserWarning: AngleType between atoms C_CTH2, C_CTH2 and C_CTH3 is missing from the ForceField
    warnings.warn(msg)

mosdef_gomc/tests/test_gmso_charmm_writer.py::TestCharmmWriterData::test_save_amber_aa_butane_with_fake_improper_gmso_ff
  /home/ai8111/miniconda3/envs/mg2/lib/python3.10/site-packages/gmso/core/forcefield.py:458: UserWarning: DihedralType between atoms H_CTH3, C_CTH3, C_CTH2 and H_CTH2 is missing from the ForceField.
    warnings.warn(msg)

mosdef_gomc/tests/test_gmso_charmm_writer.py::TestCharmmWriterData::test_save_amber_aa_butane_with_fake_improper_gmso_ff
  /home/ai8111/miniconda3/envs/mg2/lib/python3.10/site-packages/gmso/core/forcefield.py:458: UserWarning: DihedralType between atoms C_CTH2, C_CTH2, C_CTH3 and H_CTH3 is missing from the ForceField.
    warnings.warn(msg)

mosdef_gomc/tests/test_gmso_charmm_writer.py::TestCharmmWriterData::test_save_amber_aa_butane_with_fake_improper_gmso_ff
  /home/ai8111/miniconda3/envs/mg2/lib/python3.10/site-packages/gmso/core/forcefield.py:458: UserWarning: DihedralType between atoms H_CTH2, C_CTH2, C_CTH3 and H_CTH3 is missing from the ForceField.
    warnings.warn(msg)

mosdef_gomc/tests/test_gmso_charmm_writer.py::TestCharmmWriterData::test_save_amber_aa_butane_with_fake_improper_gmso_ff
  /home/ai8111/miniconda3/envs/mg2/lib/python3.10/site-packages/gmso/core/forcefield.py:458: UserWarning: DihedralType between atoms C_CTH3, C_CTH2, C_CTH2 and C_CTH3 is missing from the ForceField.
    warnings.warn(msg)

mosdef_gomc/tests/test_gmso_charmm_writer.py::TestCharmmWriterData::test_save_amber_aa_butane_with_fake_improper_gmso_ff
  /home/ai8111/miniconda3/envs/mg2/lib/python3.10/site-packages/gmso/core/forcefield.py:458: UserWarning: DihedralType between atoms C_CTH3, C_CTH2, C_CTH2 and H_CTH2 is missing from the ForceField.
    warnings.warn(msg)

mosdef_gomc/tests/test_gmso_charmm_writer.py::TestCharmmWriterData::test_save_amber_aa_butane_with_fake_improper_gmso_ff
  /home/ai8111/miniconda3/envs/mg2/lib/python3.10/site-packages/gmso/core/forcefield.py:458: UserWarning: DihedralType between atoms H_CTH2, C_CTH2, C_CTH2 and H_CTH2 is missing from the ForceField.
    warnings.warn(msg)

mosdef_gomc/tests/test_gmso_charmm_writer.py::TestCharmmWriterData::test_save_amber_aa_butane_with_fake_improper_gmso_ff
  /home/ai8111/miniconda3/envs/mg2/lib/python3.10/site-packages/gmso/core/forcefield.py:532: UserWarning: ImproperType between atoms C_CTH3, C_CTH2, H_CTH3 and H_CTH3 is missing from the ForceField.
    warnings.warn(msg)

mosdef_gomc/tests/test_gmso_charmm_writer.py::TestCharmmWriterData::test_save_amber_aa_butane_with_fake_improper_gmso_ff
  /home/ai8111/miniconda3/envs/mg2/lib/python3.10/site-packages/gmso/core/forcefield.py:532: UserWarning: ImproperType between atoms C_CTH3, H_CTH3, H_CTH3 and H_CTH3 is missing from the ForceField.
    warnings.warn(msg)

mosdef_gomc/tests/test_gmso_charmm_writer.py::TestCharmmWriterData::test_save_amber_aa_butane_with_fake_improper_gmso_ff
  /home/ai8111/miniconda3/envs/mg2/lib/python3.10/site-packages/gmso/core/forcefield.py:532: UserWarning: ImproperType between atoms C_CTH2, C_CTH3, C_CTH2 and H_CTH2 is missing from the ForceField.
    warnings.warn(msg)

mosdef_gomc/tests/test_gmso_charmm_writer.py::TestCharmmWriterData::test_save_amber_aa_butane_with_fake_improper_gmso_ff
  /home/ai8111/miniconda3/envs/mg2/lib/python3.10/site-packages/gmso/core/forcefield.py:532: UserWarning: ImproperType between atoms CT, CT, CT and HC is missing from the ForceField.
    warnings.warn(msg)

mosdef_gomc/tests/test_gmso_charmm_writer.py::TestCharmmWriterData::test_save_amber_aa_butane_with_fake_improper_gmso_ff
  /home/ai8111/miniconda3/envs/mg2/lib/python3.10/site-packages/gmso/core/forcefield.py:532: UserWarning: ImproperType between atoms C_CTH2, C_CTH3, H_CTH2 and H_CTH2 is missing from the ForceField.
    warnings.warn(msg)

mosdef_gomc/tests/test_gmso_charmm_writer.py::TestCharmmWriterData::test_save_amber_aa_butane_with_fake_improper_gmso_ff
  /home/ai8111/miniconda3/envs/mg2/lib/python3.10/site-packages/gmso/core/forcefield.py:532: UserWarning: ImproperType between atoms C_CTH2, C_CTH2, H_CTH2 and H_CTH2 is missing from the ForceField.
    warnings.warn(msg)

mosdef_gomc/tests/test_gmso_charmm_writer.py::TestCharmmWriterData::test_save_amber_aa_butane_with_fake_improper_gmso_ff
  /home/ai8111/miniconda3/envs/mg2/lib/python3.10/site-packages/gmso/core/forcefield.py:532: UserWarning: ImproperType between atoms C_CTH2, C_CTH2, C_CTH3 and H_CTH2 is missing from the ForceField.
    warnings.warn(msg)

mosdef_gomc/tests/test_gmso_charmm_writer.py::TestCharmmWriterData::test_tabulated_potential_writer
  /home/ai8111/miniconda3/envs/mg2/lib/python3.10/site-packages/gmso/utils/expression.py:406: UserWarning: Potential expression and parameter symbols do not agree, extraneous symbols: frozenset({epsilon, n, TABULATED, sigma, m})
    warnings.warn(

mosdef_gomc/tests/test_gmso_charmm_writer.py::TestCharmmWriterData::test_tabulated_potential_writer
  /home/ai8111/miniconda3/envs/mg2/lib/python3.10/site-packages/gmso/core/forcefield.py:458: UserWarning: DihedralType between atoms CH3_sp3, CH2_sp3, CH2_sp3 and CH3_sp3 is missing from the ForceField.
    warnings.warn(msg)

-- Docs: https://docs.pytest.org/en/stable/how-to/capture-warnings.html
=========================== short test summary info ============================
FAILED mosdef_gomc/tests/test_gmso_charmm_writer.py::TestCharmmWriterData::test_save_charmm_use_template_ff_multiple_molecules
=========== 1 failed, 155 passed, 2199 warnings in 514.65s (0:08:34) ===========
ERROR conda.cli.main_run:execute(49): `conda run pytest mosdef_gomc/tests/test_gmso_charmm_writer.py` failed. (See above for error)

